#
# There is insufficient memory for the Java Runtime Environment to continue.
# Native memory allocation (malloc) failed to allocate 1481936 bytes for Chunk::new
# Possible reasons:
#   The system is out of physical RAM or swap space
#   The process is running with CompressedOops enabled, and the Java Heap may be blocking the growth of the native heap
# Possible solutions:
#   Reduce memory load on the system
#   Increase physical memory or swap space
#   Check if swap backing store is full
#   Decrease Java heap size (-Xmx/-Xms)
#   Decrease number of Java threads
#   Decrease Java thread stack sizes (-Xss)
#   Set larger code cache with -XX:ReservedCodeCacheSize=
#   JVM is running with Unscaled Compressed Oops mode in which the Java heap is
#     placed in the first 4GB address space. The Java Heap base address is the
#     maximum limit for the native heap growth. Please use -XX:HeapBaseMinAddress
#     to set the Java Heap base and to place the Java Heap above 4GB virtual address.
# This output file may be truncated or incomplete.
#
#  Out of Memory Error (arena.cpp:189), pid=8712, tid=10432
#
# JRE version: OpenJDK Runtime Environment Temurin-17.0.2+8 (17.0.2+8) (build 17.0.2+8)
# Java VM: OpenJDK 64-Bit Server VM Temurin-17.0.2+8 (17.0.2+8, mixed mode, tiered, compressed oops, compressed class ptrs, parallel gc, windows-amd64)
# No core dump will be written. Minidumps are not enabled by default on client versions of Windows
#

---------------  S U M M A R Y ------------

Command Line: --add-modules=ALL-SYSTEM --add-opens=java.base/java.util=ALL-UNNAMED --add-opens=java.base/java.lang=ALL-UNNAMED --add-opens=java.base/sun.nio.fs=ALL-UNNAMED -Declipse.application=org.eclipse.jdt.ls.core.id1 -Dosgi.bundles.defaultStartLevel=4 -Declipse.product=org.eclipse.jdt.ls.core.product -Djava.import.generatesMetadataFilesAtProjectRoot=false -Dfile.encoding=utf8 -DwatchParentProcess=false -XX:+UseParallelGC -XX:GCTimeRatio=4 -XX:AdaptiveSizePolicyWeight=90 -Dsun.zip.disableMemoryMapping=true -Xmx1G -Xms100m -XX:+HeapDumpOnOutOfMemoryError -XX:HeapDumpPath=c:\Users\Brainium\AppData\Roaming\Code\User\workspaceStorage\aa935be7eaaadbe4656cd6069061b3e0\redhat.java c:\Users\Brainium\.vscode\extensions\redhat.java-1.4.0\server\plugins\org.eclipse.equinox.launcher_1.6.400.v20210924-0641.jar -configuration c:\Users\Brainium\AppData\Roaming\Code\User\globalStorage\redhat.java\1.4.0\config_win -data c:\Users\Brainium\AppData\Roaming\Code\User\workspaceStorage\aa935be7eaaadbe4656cd6069061b3e0\redhat.java\jdt_ws

Host: Intel(R) Core(TM) i5-4440S CPU @ 2.80GHz, 4 cores, 11G,  Windows 10 , 64 bit Build 19041 (10.0.19041.1348)
Time: Mon Apr 11 14:17:56 2022 India Standard Time elapsed time: 6.737237 seconds (0d 0h 0m 6s)

---------------  T H R E A D  ---------------

Current thread (0x0000014d6afef010):  JavaThread "C2 CompilerThread0" daemon [_thread_in_native, id=10432, stack(0x0000002575400000,0x0000002575500000)]


Current CompileTask:
C2:   6737 4780       4       org.eclipse.core.internal.resources.AliasManager$LocationMap$$Lambda$118/0x000000010023af50::compare (14 bytes)

Stack: [0x0000002575400000,0x0000002575500000]
Native frames: (J=compiled Java code, j=interpreted, Vv=VM code, C=native code)
V  [jvm.dll+0x67564a]
V  [jvm.dll+0x82fc04]
V  [jvm.dll+0x8313ae]
V  [jvm.dll+0x831a13]
V  [jvm.dll+0x245235]
V  [jvm.dll+0xabd7b]
V  [jvm.dll+0xac30c]
V  [jvm.dll+0x3631a2]
V  [jvm.dll+0x32d891]
V  [jvm.dll+0x32cd3a]
V  [jvm.dll+0x2180d1]
V  [jvm.dll+0x2174f1]
V  [jvm.dll+0x1a3a8d]
V  [jvm.dll+0x226ef8]
V  [jvm.dll+0x22503c]
V  [jvm.dll+0x7e596b]
V  [jvm.dll+0x7dff2a]
V  [jvm.dll+0x6744d5]
C  [ucrtbase.dll+0x21bb2]
C  [KERNEL32.DLL+0x17034]
C  [ntdll.dll+0x52651]


---------------  P R O C E S S  ---------------

Threads class SMR info:
_java_thread_list=0x0000014d6f1d3970, length=32, elements={
0x0000014d571a0f90, 0x0000014d6afb2b60, 0x0000014d6afb3520, 0x0000014d6afd8020,
0x0000014d6afd8ae0, 0x0000014d6afda5b0, 0x0000014d6afdce80, 0x0000014d6afef010,
0x0000014d6c9e0040, 0x0000014d6c9e88f0, 0x0000014d6ca6a520, 0x0000014d6cb47400,
0x0000014d6d311400, 0x0000014d6d2600a0, 0x0000014d6d262a40, 0x0000014d6d288500,
0x0000014d6d419020, 0x0000014d6e450c40, 0x0000014d6e69b340, 0x0000014d6d56a420,
0x0000014d6d56caa0, 0x0000014d6d56cf70, 0x0000014d6d56bc30, 0x0000014d6cf3a320,
0x0000014d6d56adc0, 0x0000014d6d56b290, 0x0000014d6d56b760, 0x0000014d6d56c100,
0x0000014d6d569f50, 0x0000014d6d5695b0, 0x0000014d6d569a80, 0x0000014d6cb858f0
}

Java Threads: ( => current thread )
  0x0000014d571a0f90 JavaThread "main" [_thread_blocked, id=10804, stack(0x0000002574b00000,0x0000002574c00000)]
  0x0000014d6afb2b60 JavaThread "Reference Handler" daemon [_thread_blocked, id=8492, stack(0x0000002574e00000,0x0000002574f00000)]
  0x0000014d6afb3520 JavaThread "Finalizer" daemon [_thread_blocked, id=11492, stack(0x0000002574f00000,0x0000002575000000)]
  0x0000014d6afd8020 JavaThread "Signal Dispatcher" daemon [_thread_blocked, id=568, stack(0x0000002575000000,0x0000002575100000)]
  0x0000014d6afd8ae0 JavaThread "Attach Listener" daemon [_thread_blocked, id=10152, stack(0x0000002575100000,0x0000002575200000)]
  0x0000014d6afda5b0 JavaThread "Service Thread" daemon [_thread_blocked, id=6420, stack(0x0000002575200000,0x0000002575300000)]
  0x0000014d6afdce80 JavaThread "Monitor Deflation Thread" daemon [_thread_blocked, id=2252, stack(0x0000002575300000,0x0000002575400000)]
=>0x0000014d6afef010 JavaThread "C2 CompilerThread0" daemon [_thread_in_native, id=10432, stack(0x0000002575400000,0x0000002575500000)]
  0x0000014d6c9e0040 JavaThread "C1 CompilerThread0" daemon [_thread_blocked, id=13044, stack(0x0000002575500000,0x0000002575600000)]
  0x0000014d6c9e88f0 JavaThread "Sweeper thread" daemon [_thread_blocked, id=2900, stack(0x0000002575600000,0x0000002575700000)]
  0x0000014d6ca6a520 JavaThread "Common-Cleaner" daemon [_thread_blocked, id=11460, stack(0x0000002575700000,0x0000002575800000)]
  0x0000014d6cb47400 JavaThread "Notification Thread" daemon [_thread_blocked, id=6024, stack(0x0000002575800000,0x0000002575900000)]
  0x0000014d6d311400 JavaThread "Active Thread: Equinox Container: c0327072-706a-4f9f-a2b6-c85bbd160adc" [_thread_blocked, id=7568, stack(0x0000002575b00000,0x0000002575c00000)]
  0x0000014d6d2600a0 JavaThread "Framework Event Dispatcher: Equinox Container: c0327072-706a-4f9f-a2b6-c85bbd160adc" daemon [_thread_blocked, id=13124, stack(0x0000002575a00000,0x0000002575b00000)]
  0x0000014d6d262a40 JavaThread "Start Level: Equinox Container: c0327072-706a-4f9f-a2b6-c85bbd160adc" daemon [_thread_blocked, id=10076, stack(0x0000002575c00000,0x0000002575d00000)]
  0x0000014d6d288500 JavaThread "SCR Component Actor" daemon [_thread_blocked, id=880, stack(0x0000002576000000,0x0000002576100000)]
  0x0000014d6d419020 JavaThread "Timer-0" [_thread_blocked, id=7164, stack(0x0000002576100000,0x0000002576200000)]
  0x0000014d6e450c40 JavaThread "Bundle File Closer" daemon [_thread_blocked, id=8412, stack(0x0000002576300000,0x0000002576400000)]
  0x0000014d6e69b340 JavaThread "Worker-JM" [_thread_blocked, id=7920, stack(0x0000002576200000,0x0000002576300000)]
  0x0000014d6d56a420 JavaThread "Worker-0" [_thread_blocked, id=12744, stack(0x0000002576400000,0x0000002576500000)]
  0x0000014d6d56caa0 JavaThread "Worker-1: Refreshing workspace" [_thread_blocked, id=10688, stack(0x0000002576500000,0x0000002576600000)]
  0x0000014d6d56cf70 JavaThread "Worker-2" [_thread_blocked, id=4368, stack(0x0000002576600000,0x0000002576700000)]
  0x0000014d6d56bc30 JavaThread "Java indexing" daemon [_thread_blocked, id=10264, stack(0x0000002576800000,0x0000002576900000)]
  0x0000014d6cf3a320 JavaThread "C2 CompilerThread1" daemon [_thread_in_native, id=11680, stack(0x0000002576700000,0x0000002576800000)]
  0x0000014d6d56adc0 JavaThread "pool-2-thread-1" [_thread_blocked, id=12192, stack(0x0000002576900000,0x0000002576a00000)]
  0x0000014d6d56b290 JavaThread "Worker-3" [_thread_blocked, id=7852, stack(0x0000002576a00000,0x0000002576b00000)]
  0x0000014d6d56b760 JavaThread "Worker-4: Updating Maven Dependencies" [_thread_in_vm, id=4488, stack(0x0000002576b00000,0x0000002576c00000)]
  0x0000014d6d56c100 JavaThread "Worker-5" [_thread_blocked, id=9196, stack(0x0000002576c00000,0x0000002576d00000)]
  0x0000014d6d569f50 JavaThread "Worker-6: Synchronize Gradle projects with workspace" [_thread_in_native, id=10948, stack(0x0000002576d00000,0x0000002576e00000)]
  0x0000014d6d5695b0 JavaThread "Worker-7" [_thread_blocked, id=4976, stack(0x0000002576e00000,0x0000002576f00000)]
  0x0000014d6d569a80 JavaThread "Timer-1" [_thread_blocked, id=12420, stack(0x0000002576f00000,0x0000002577000000)]
  0x0000014d6cb858f0 JavaThread "Timer-2" [_thread_blocked, id=224, stack(0x0000002577000000,0x0000002577100000)]

Other Threads:
  0x0000014d5727eb20 VMThread "VM Thread" [stack: 0x0000002574d00000,0x0000002574e00000] [id=10332]
  0x0000014d6cb478d0 WatcherThread [stack: 0x0000002575900000,0x0000002575a00000] [id=1320]
  0x0000014d571b7ce0 GCTaskThread "GC Thread#0" [stack: 0x0000002574c00000,0x0000002574d00000] [id=11532]
  0x0000014d55179580 GCTaskThread "GC Thread#1" [stack: 0x0000002575d00000,0x0000002575e00000] [id=8216]
  0x0000014d6cc10b20 GCTaskThread "GC Thread#2" [stack: 0x0000002575e00000,0x0000002575f00000] [id=11424]
  0x0000014d6d25a920 GCTaskThread "GC Thread#3" [stack: 0x0000002575f00000,0x0000002576000000] [id=13268]

Threads with active compile tasks:
C2 CompilerThread0     6770 4780       4       org.eclipse.core.internal.resources.AliasManager$LocationMap$$Lambda$118/0x000000010023af50::compare (14 bytes)
C2 CompilerThread1     6770 4792       4       org.eclipse.osgi.internal.loader.BundleLoader::searchHooks (192 bytes)

VM state: not at safepoint (normal execution)

VM Mutex/Monitor currently owned by a thread: None

Heap address: 0x00000000c0000000, size: 1024 MB, Compressed Oops mode: 32-bit

CDS archive(s) not mapped
Compressed class space mapped at: 0x0000000100000000-0x0000000140000000, reserved size: 1073741824
Narrow klass base: 0x0000000000000000, Narrow klass shift: 3, Narrow klass range: 0x140000000

GC Precious Log:
 CPUs: 4 total, 4 available
 Memory: 12188M
 Large Page Support: Disabled
 NUMA Support: Disabled
 Compressed Oops: Enabled (32-bit)
 Alignments: Space 512K, Generation 512K, Heap 2M
 Heap Min Capacity: 100M
 Heap Initial Capacity: 100M
 Heap Max Capacity: 1G
 Pre-touch: Disabled
 Parallel Workers: 4

Heap:
 PSYoungGen      total 26112K, used 24476K [0x00000000eab00000, 0x00000000ec800000, 0x0000000100000000)
  eden space 23040K, 94% used [0x00000000eab00000,0x00000000ec04fac8,0x00000000ec180000)
  from space 3072K, 86% used [0x00000000ec500000,0x00000000ec797708,0x00000000ec800000)
  to   space 3072K, 0% used [0x00000000ec200000,0x00000000ec200000,0x00000000ec500000)
 ParOldGen       total 68608K, used 13950K [0x00000000c0000000, 0x00000000c4300000, 0x00000000eab00000)
  object space 68608K, 20% used [0x00000000c0000000,0x00000000c0d9f8e0,0x00000000c4300000)
 Metaspace       used 44327K, committed 45056K, reserved 1089536K
  class space    used 4826K, committed 5120K, reserved 1048576K

Card table byte_map: [0x0000014d56b60000,0x0000014d56d70000] _byte_map_base: 0x0000014d56560000

Marking Bits: (ParMarkBitMap*) 0x00007ffbbfa03af0
 Begin Bits: [0x0000014d68e30000, 0x0000014d69e30000)
 End Bits:   [0x0000014d69e30000, 0x0000014d6ae30000)

Polling page: 0x0000014d55010000

Metaspace:

Usage:
  Non-class:     38.57 MB used.
      Class:      4.71 MB used.
       Both:     43.29 MB used.

Virtual space:
  Non-class space:       40.00 MB reserved,      39.00 MB ( 98%) committed,  5 nodes.
      Class space:        1.00 GB reserved,       5.00 MB ( <1%) committed,  1 nodes.
             Both:        1.04 GB reserved,      44.00 MB (  4%) committed. 

Chunk freelists:
   Non-Class:  70.00 KB
       Class:  2.95 MB
        Both:  3.02 MB

MaxMetaspaceSize: unlimited
CompressedClassSpaceSize: 1.00 GB
Initial GC threshold: 21.00 MB
Current GC threshold: 58.38 MB
CDS: off
MetaspaceReclaimPolicy: balanced
 - commit_granule_bytes: 65536.
 - commit_granule_words: 8192.
 - virtual_space_node_default_size: 1048576.
 - enlarge_chunks_in_place: 1.
 - new_chunks_are_fully_committed: 0.
 - uncommit_free_chunks: 1.
 - use_allocation_guard: 0.
 - handle_deallocations: 1.


Internal statistics:

num_allocs_failed_limit: 6.
num_arena_births: 284.
num_arena_deaths: 0.
num_vsnodes_births: 6.
num_vsnodes_deaths: 0.
num_space_committed: 704.
num_space_uncommitted: 0.
num_chunks_returned_to_freelist: 6.
num_chunks_taken_from_freelist: 1807.
num_chunk_merges: 6.
num_chunk_splits: 1194.
num_chunks_enlarged: 768.
num_purges: 0.
num_inconsistent_stats: 0.

CodeHeap 'non-profiled nmethods': size=120000Kb used=2418Kb max_used=2418Kb free=117581Kb
 bounds [0x0000014d61900000, 0x0000014d61b70000, 0x0000014d68e30000]
CodeHeap 'profiled nmethods': size=120000Kb used=10082Kb max_used=10082Kb free=109917Kb
 bounds [0x0000014d5a3d0000, 0x0000014d5adb0000, 0x0000014d61900000]
CodeHeap 'non-nmethods': size=5760Kb used=1256Kb max_used=1315Kb free=4504Kb
 bounds [0x0000014d59e30000, 0x0000014d5a0a0000, 0x0000014d5a3d0000]
 total_blobs=5362 nmethods=4789 adapters=487
 compilation: enabled
              stopped_count=0, restarted_count=0
 full_count=0

Compilation events (20 events):
Event: 6.596 Thread 0x0000014d6c9e0040 nmethod 4775 0x0000014d5ad94d10 code [0x0000014d5ad94ea0, 0x0000014d5ad94fb8]
Event: 6.598 Thread 0x0000014d6c9e0040 4776       3       org.eclipse.core.internal.localstore.RefreshLocalVisitor::resourceChanged (43 bytes)
Event: 6.598 Thread 0x0000014d6c9e0040 nmethod 4776 0x0000014d5ad95090 code [0x0000014d5ad952c0, 0x0000014d5ad95e98]
Event: 6.598 Thread 0x0000014d6c9e0040 4777       3       org.eclipse.core.internal.resources.AliasManager$FindAliasesDoit::doit (289 bytes)
Event: 6.600 Thread 0x0000014d6c9e0040 nmethod 4777 0x0000014d5ad96310 code [0x0000014d5ad966e0, 0x0000014d5ad984f8]
Event: 6.602 Thread 0x0000014d6c9e0040 4778       3       org.eclipse.core.internal.resources.AliasManager::hasNoAliases (67 bytes)
Event: 6.603 Thread 0x0000014d6c9e0040 nmethod 4778 0x0000014d5ad98f90 code [0x0000014d5ad99180, 0x0000014d5ad99808]
Event: 6.603 Thread 0x0000014d6afef010 4779       4       org.eclipse.core.internal.filesystem.FileStoreUtil::comparePathSegments (34 bytes)
Event: 6.612 Thread 0x0000014d6afef010 nmethod 4779 0x0000014d61b4e990 code [0x0000014d61b4eb60, 0x0000014d61b4f210]
Event: 6.613 Thread 0x0000014d6afef010 4780       4       org.eclipse.core.internal.resources.AliasManager$LocationMap$$Lambda$118/0x000000010023af50::compare (14 bytes)
Event: 6.627 Thread 0x0000014d6c9e0040 4782       3       org.eclipse.core.internal.dtree.DeltaDataTree::setData (42 bytes)
Event: 6.628 Thread 0x0000014d6c9e0040 nmethod 4782 0x0000014d5ad99a10 code [0x0000014d5ad99c80, 0x0000014d5ad9a728]
Event: 6.631 Thread 0x0000014d6c9e0040 4783       3       org.eclipse.core.internal.resources.AliasManager::internalComputeAliases (82 bytes)
Event: 6.632 Thread 0x0000014d6c9e0040 nmethod 4783 0x0000014d5ad9ab90 code [0x0000014d5ad9ae40, 0x0000014d5ad9bdb8]
Event: 6.636 Thread 0x0000014d6c9e0040 4784       3       org.eclipse.core.runtime.Path::makeRelative (32 bytes)
Event: 6.636 Thread 0x0000014d6c9e0040 nmethod 4784 0x0000014d5ad9c410 code [0x0000014d5ad9c5e0, 0x0000014d5ad9c9a8]
Event: 6.637 Thread 0x0000014d6c9e0040 4785       3       org.eclipse.core.internal.resources.File::updateMetadataFiles (86 bytes)
Event: 6.638 Thread 0x0000014d6c9e0040 nmethod 4785 0x0000014d5ad9cb10 code [0x0000014d5ad9cda0, 0x0000014d5ad9da38]
Event: 6.734 Thread 0x0000014d6c9e0040 4786   !   3       java.util.WeakHashMap::expungeStaleEntries (139 bytes)
Event: 6.734 Thread 0x0000014d6c9e0040 nmethod 4786 0x0000014d5ad9df10 code [0x0000014d5ad9e120, 0x0000014d5ad9ea48]

GC Heap History (20 events):
Event: 1.355 GC heap before
{Heap before GC invocations=1 (full 0):
 PSYoungGen      total 29696K, used 25600K [0x00000000eab00000, 0x00000000ecc00000, 0x0000000100000000)
  eden space 25600K, 100% used [0x00000000eab00000,0x00000000ec400000,0x00000000ec400000)
  from space 4096K, 0% used [0x00000000ec800000,0x00000000ec800000,0x00000000ecc00000)
  to   space 4096K, 0% used [0x00000000ec400000,0x00000000ec400000,0x00000000ec800000)
 ParOldGen       total 68608K, used 0K [0x00000000c0000000, 0x00000000c4300000, 0x00000000eab00000)
  object space 68608K, 0% used [0x00000000c0000000,0x00000000c0000000,0x00000000c4300000)
 Metaspace       used 12852K, committed 13056K, reserved 1064960K
  class space    used 1299K, committed 1408K, reserved 1048576K
}
Event: 1.362 GC heap after
{Heap after GC invocations=1 (full 0):
 PSYoungGen      total 29696K, used 4072K [0x00000000eab00000, 0x00000000ecc00000, 0x0000000100000000)
  eden space 25600K, 0% used [0x00000000eab00000,0x00000000eab00000,0x00000000ec400000)
  from space 4096K, 99% used [0x00000000ec400000,0x00000000ec7fa2f8,0x00000000ec800000)
  to   space 4096K, 0% used [0x00000000ec800000,0x00000000ec800000,0x00000000ecc00000)
 ParOldGen       total 68608K, used 664K [0x00000000c0000000, 0x00000000c4300000, 0x00000000eab00000)
  object space 68608K, 0% used [0x00000000c0000000,0x00000000c00a6020,0x00000000c4300000)
 Metaspace       used 12852K, committed 13056K, reserved 1064960K
  class space    used 1299K, committed 1408K, reserved 1048576K
}
Event: 2.306 GC heap before
{Heap before GC invocations=2 (full 0):
 PSYoungGen      total 29696K, used 29672K [0x00000000eab00000, 0x00000000ecc00000, 0x0000000100000000)
  eden space 25600K, 100% used [0x00000000eab00000,0x00000000ec400000,0x00000000ec400000)
  from space 4096K, 99% used [0x00000000ec400000,0x00000000ec7fa2f8,0x00000000ec800000)
  to   space 4096K, 0% used [0x00000000ec800000,0x00000000ec800000,0x00000000ecc00000)
 ParOldGen       total 68608K, used 664K [0x00000000c0000000, 0x00000000c4300000, 0x00000000eab00000)
  object space 68608K, 0% used [0x00000000c0000000,0x00000000c00a6020,0x00000000c4300000)
 Metaspace       used 19481K, committed 19904K, reserved 1073152K
  class space    used 1972K, committed 2176K, reserved 1048576K
}
Event: 2.313 GC heap after
{Heap after GC invocations=2 (full 0):
 PSYoungGen      total 29696K, used 4090K [0x00000000eab00000, 0x00000000ecc00000, 0x0000000100000000)
  eden space 25600K, 0% used [0x00000000eab00000,0x00000000eab00000,0x00000000ec400000)
  from space 4096K, 99% used [0x00000000ec800000,0x00000000ecbfe910,0x00000000ecc00000)
  to   space 4096K, 0% used [0x00000000ec400000,0x00000000ec400000,0x00000000ec800000)
 ParOldGen       total 68608K, used 5830K [0x00000000c0000000, 0x00000000c4300000, 0x00000000eab00000)
  object space 68608K, 8% used [0x00000000c0000000,0x00000000c05b19a0,0x00000000c4300000)
 Metaspace       used 19481K, committed 19904K, reserved 1073152K
  class space    used 1972K, committed 2176K, reserved 1048576K
}
Event: 2.855 GC heap before
{Heap before GC invocations=3 (full 0):
 PSYoungGen      total 29696K, used 13973K [0x00000000eab00000, 0x00000000ecc00000, 0x0000000100000000)
  eden space 25600K, 38% used [0x00000000eab00000,0x00000000eb4a6b28,0x00000000ec400000)
  from space 4096K, 99% used [0x00000000ec800000,0x00000000ecbfe910,0x00000000ecc00000)
  to   space 4096K, 0% used [0x00000000ec400000,0x00000000ec400000,0x00000000ec800000)
 ParOldGen       total 68608K, used 5830K [0x00000000c0000000, 0x00000000c4300000, 0x00000000eab00000)
  object space 68608K, 8% used [0x00000000c0000000,0x00000000c05b19a0,0x00000000c4300000)
 Metaspace       used 21111K, committed 21504K, reserved 1073152K
  class space    used 2129K, committed 2304K, reserved 1048576K
}
Event: 2.858 GC heap after
{Heap after GC invocations=3 (full 0):
 PSYoungGen      total 29696K, used 4093K [0x00000000eab00000, 0x00000000ecc00000, 0x0000000100000000)
  eden space 25600K, 0% used [0x00000000eab00000,0x00000000eab00000,0x00000000ec400000)
  from space 4096K, 99% used [0x00000000ec400000,0x00000000ec7ff488,0x00000000ec800000)
  to   space 4096K, 0% used [0x00000000ec800000,0x00000000ec800000,0x00000000ecc00000)
 ParOldGen       total 68608K, used 7153K [0x00000000c0000000, 0x00000000c4300000, 0x00000000eab00000)
  object space 68608K, 10% used [0x00000000c0000000,0x00000000c06fc5b0,0x00000000c4300000)
 Metaspace       used 21111K, committed 21504K, reserved 1073152K
  class space    used 2129K, committed 2304K, reserved 1048576K
}
Event: 2.858 GC heap before
{Heap before GC invocations=4 (full 1):
 PSYoungGen      total 29696K, used 4093K [0x00000000eab00000, 0x00000000ecc00000, 0x0000000100000000)
  eden space 25600K, 0% used [0x00000000eab00000,0x00000000eab00000,0x00000000ec400000)
  from space 4096K, 99% used [0x00000000ec400000,0x00000000ec7ff488,0x00000000ec800000)
  to   space 4096K, 0% used [0x00000000ec800000,0x00000000ec800000,0x00000000ecc00000)
 ParOldGen       total 68608K, used 7153K [0x00000000c0000000, 0x00000000c4300000, 0x00000000eab00000)
  object space 68608K, 10% used [0x00000000c0000000,0x00000000c06fc5b0,0x00000000c4300000)
 Metaspace       used 21111K, committed 21504K, reserved 1073152K
  class space    used 2129K, committed 2304K, reserved 1048576K
}
Event: 2.880 GC heap after
{Heap after GC invocations=4 (full 1):
 PSYoungGen      total 29696K, used 0K [0x00000000eab00000, 0x00000000ecc00000, 0x0000000100000000)
  eden space 25600K, 0% used [0x00000000eab00000,0x00000000eab00000,0x00000000ec400000)
  from space 4096K, 0% used [0x00000000ec400000,0x00000000ec400000,0x00000000ec800000)
  to   space 4096K, 0% used [0x00000000ec800000,0x00000000ec800000,0x00000000ecc00000)
 ParOldGen       total 68608K, used 10584K [0x00000000c0000000, 0x00000000c4300000, 0x00000000eab00000)
  object space 68608K, 15% used [0x00000000c0000000,0x00000000c0a56198,0x00000000c4300000)
 Metaspace       used 21111K, committed 21504K, reserved 1073152K
  class space    used 2129K, committed 2304K, reserved 1048576K
}
Event: 3.246 GC heap before
{Heap before GC invocations=5 (full 1):
 PSYoungGen      total 29696K, used 25600K [0x00000000eab00000, 0x00000000ecc00000, 0x0000000100000000)
  eden space 25600K, 100% used [0x00000000eab00000,0x00000000ec400000,0x00000000ec400000)
  from space 4096K, 0% used [0x00000000ec400000,0x00000000ec400000,0x00000000ec800000)
  to   space 4096K, 0% used [0x00000000ec800000,0x00000000ec800000,0x00000000ecc00000)
 ParOldGen       total 68608K, used 10584K [0x00000000c0000000, 0x00000000c4300000, 0x00000000eab00000)
  object space 68608K, 15% used [0x00000000c0000000,0x00000000c0a56198,0x00000000c4300000)
 Metaspace       used 26580K, committed 27008K, reserved 1073152K
  class space    used 2537K, committed 2752K, reserved 1048576K
}
Event: 3.246 GC heap after
{Heap after GC invocations=5 (full 1):
 PSYoungGen      total 29696K, used 928K [0x00000000eab00000, 0x00000000ecc00000, 0x0000000100000000)
  eden space 25600K, 0% used [0x00000000eab00000,0x00000000eab00000,0x00000000ec400000)
  from space 4096K, 22% used [0x00000000ec800000,0x00000000ec8e8000,0x00000000ecc00000)
  to   space 4096K, 0% used [0x00000000ec400000,0x00000000ec400000,0x00000000ec800000)
 ParOldGen       total 68608K, used 10592K [0x00000000c0000000, 0x00000000c4300000, 0x00000000eab00000)
  object space 68608K, 15% used [0x00000000c0000000,0x00000000c0a58198,0x00000000c4300000)
 Metaspace       used 26580K, committed 27008K, reserved 1073152K
  class space    used 2537K, committed 2752K, reserved 1048576K
}
Event: 4.156 GC heap before
{Heap before GC invocations=6 (full 1):
 PSYoungGen      total 29696K, used 26528K [0x00000000eab00000, 0x00000000ecc00000, 0x0000000100000000)
  eden space 25600K, 100% used [0x00000000eab00000,0x00000000ec400000,0x00000000ec400000)
  from space 4096K, 22% used [0x00000000ec800000,0x00000000ec8e8000,0x00000000ecc00000)
  to   space 4096K, 0% used [0x00000000ec400000,0x00000000ec400000,0x00000000ec800000)
 ParOldGen       total 68608K, used 10592K [0x00000000c0000000, 0x00000000c4300000, 0x00000000eab00000)
  object space 68608K, 15% used [0x00000000c0000000,0x00000000c0a58198,0x00000000c4300000)
 Metaspace       used 31648K, committed 32256K, reserved 1081344K
  class space    used 3193K, committed 3456K, reserved 1048576K
}
Event: 4.158 GC heap after
{Heap after GC invocations=6 (full 1):
 PSYoungGen      total 28672K, used 3266K [0x00000000eab00000, 0x00000000ecb80000, 0x0000000100000000)
  eden space 25088K, 0% used [0x00000000eab00000,0x00000000eab00000,0x00000000ec380000)
  from space 3584K, 91% used [0x00000000ec400000,0x00000000ec730aa0,0x00000000ec780000)
  to   space 4096K, 0% used [0x00000000ec780000,0x00000000ec780000,0x00000000ecb80000)
 ParOldGen       total 68608K, used 10600K [0x00000000c0000000, 0x00000000c4300000, 0x00000000eab00000)
  object space 68608K, 15% used [0x00000000c0000000,0x00000000c0a5a198,0x00000000c4300000)
 Metaspace       used 31648K, committed 32256K, reserved 1081344K
  class space    used 3193K, committed 3456K, reserved 1048576K
}
Event: 4.700 GC heap before
{Heap before GC invocations=7 (full 1):
 PSYoungGen      total 28672K, used 19752K [0x00000000eab00000, 0x00000000ecb80000, 0x0000000100000000)
  eden space 25088K, 65% used [0x00000000eab00000,0x00000000ebb19690,0x00000000ec380000)
  from space 3584K, 91% used [0x00000000ec400000,0x00000000ec730aa0,0x00000000ec780000)
  to   space 4096K, 0% used [0x00000000ec780000,0x00000000ec780000,0x00000000ecb80000)
 ParOldGen       total 68608K, used 10600K [0x00000000c0000000, 0x00000000c4300000, 0x00000000eab00000)
  object space 68608K, 15% used [0x00000000c0000000,0x00000000c0a5a198,0x00000000c4300000)
 Metaspace       used 35129K, committed 35840K, reserved 1081344K
  class space    used 3647K, committed 3968K, reserved 1048576K
}
Event: 4.703 GC heap after
{Heap after GC invocations=7 (full 1):
 PSYoungGen      total 28160K, used 4092K [0x00000000eab00000, 0x00000000ecd80000, 0x0000000100000000)
  eden space 24064K, 0% used [0x00000000eab00000,0x00000000eab00000,0x00000000ec280000)
  from space 4096K, 99% used [0x00000000ec780000,0x00000000ecb7f1b8,0x00000000ecb80000)
  to   space 5120K, 0% used [0x00000000ec280000,0x00000000ec280000,0x00000000ec780000)
 ParOldGen       total 68608K, used 10968K [0x00000000c0000000, 0x00000000c4300000, 0x00000000eab00000)
  object space 68608K, 15% used [0x00000000c0000000,0x00000000c0ab63e8,0x00000000c4300000)
 Metaspace       used 35129K, committed 35840K, reserved 1081344K
  class space    used 3647K, committed 3968K, reserved 1048576K
}
Event: 4.703 GC heap before
{Heap before GC invocations=8 (full 2):
 PSYoungGen      total 28160K, used 4092K [0x00000000eab00000, 0x00000000ecd80000, 0x0000000100000000)
  eden space 24064K, 0% used [0x00000000eab00000,0x00000000eab00000,0x00000000ec280000)
  from space 4096K, 99% used [0x00000000ec780000,0x00000000ecb7f1b8,0x00000000ecb80000)
  to   space 5120K, 0% used [0x00000000ec280000,0x00000000ec280000,0x00000000ec780000)
 ParOldGen       total 68608K, used 10968K [0x00000000c0000000, 0x00000000c4300000, 0x00000000eab00000)
  object space 68608K, 15% used [0x00000000c0000000,0x00000000c0ab63e8,0x00000000c4300000)
 Metaspace       used 35129K, committed 35840K, reserved 1081344K
  class space    used 3647K, committed 3968K, reserved 1048576K
}
Event: 4.734 GC heap after
{Heap after GC invocations=8 (full 2):
 PSYoungGen      total 28160K, used 0K [0x00000000eab00000, 0x00000000ecd80000, 0x0000000100000000)
  eden space 24064K, 0% used [0x00000000eab00000,0x00000000eab00000,0x00000000ec280000)
  from space 4096K, 0% used [0x00000000ec780000,0x00000000ec780000,0x00000000ecb80000)
  to   space 5120K, 0% used [0x00000000ec280000,0x00000000ec280000,0x00000000ec780000)
 ParOldGen       total 68608K, used 13934K [0x00000000c0000000, 0x00000000c4300000, 0x00000000eab00000)
  object space 68608K, 20% used [0x00000000c0000000,0x00000000c0d9b8e0,0x00000000c4300000)
 Metaspace       used 35129K, committed 35840K, reserved 1081344K
  class space    used 3647K, committed 3968K, reserved 1048576K
}
Event: 5.366 GC heap before
{Heap before GC invocations=9 (full 2):
 PSYoungGen      total 28160K, used 24064K [0x00000000eab00000, 0x00000000ecd80000, 0x0000000100000000)
  eden space 24064K, 100% used [0x00000000eab00000,0x00000000ec280000,0x00000000ec280000)
  from space 4096K, 0% used [0x00000000ec780000,0x00000000ec780000,0x00000000ecb80000)
  to   space 5120K, 0% used [0x00000000ec280000,0x00000000ec280000,0x00000000ec780000)
 ParOldGen       total 68608K, used 13934K [0x00000000c0000000, 0x00000000c4300000, 0x00000000eab00000)
  object space 68608K, 20% used [0x00000000c0000000,0x00000000c0d9b8e0,0x00000000c4300000)
 Metaspace       used 38874K, committed 39616K, reserved 1089536K
  class space    used 4152K, committed 4480K, reserved 1048576K
}
Event: 5.368 GC heap after
{Heap after GC invocations=9 (full 2):
 PSYoungGen      total 25600K, used 1770K [0x00000000eab00000, 0x00000000ec800000, 0x0000000100000000)
  eden space 23552K, 0% used [0x00000000eab00000,0x00000000eab00000,0x00000000ec200000)
  from space 2048K, 86% used [0x00000000ec280000,0x00000000ec43a948,0x00000000ec480000)
  to   space 3072K, 0% used [0x00000000ec500000,0x00000000ec500000,0x00000000ec800000)
 ParOldGen       total 68608K, used 13942K [0x00000000c0000000, 0x00000000c4300000, 0x00000000eab00000)
  object space 68608K, 20% used [0x00000000c0000000,0x00000000c0d9d8e0,0x00000000c4300000)
 Metaspace       used 38874K, committed 39616K, reserved 1089536K
  class space    used 4152K, committed 4480K, reserved 1048576K
}
Event: 6.039 GC heap before
{Heap before GC invocations=10 (full 2):
 PSYoungGen      total 25600K, used 25322K [0x00000000eab00000, 0x00000000ec800000, 0x0000000100000000)
  eden space 23552K, 100% used [0x00000000eab00000,0x00000000ec200000,0x00000000ec200000)
  from space 2048K, 86% used [0x00000000ec280000,0x00000000ec43a948,0x00000000ec480000)
  to   space 3072K, 0% used [0x00000000ec500000,0x00000000ec500000,0x00000000ec800000)
 ParOldGen       total 68608K, used 13942K [0x00000000c0000000, 0x00000000c4300000, 0x00000000eab00000)
  object space 68608K, 20% used [0x00000000c0000000,0x00000000c0d9d8e0,0x00000000c4300000)
 Metaspace       used 42019K, committed 42752K, reserved 1089536K
  class space    used 4546K, committed 4864K, reserved 1048576K
}
Event: 6.042 GC heap after
{Heap after GC invocations=10 (full 2):
 PSYoungGen      total 26112K, used 2653K [0x00000000eab00000, 0x00000000ec800000, 0x0000000100000000)
  eden space 23040K, 0% used [0x00000000eab00000,0x00000000eab00000,0x00000000ec180000)
  from space 3072K, 86% used [0x00000000ec500000,0x00000000ec797708,0x00000000ec800000)
  to   space 3072K, 0% used [0x00000000ec200000,0x00000000ec200000,0x00000000ec500000)
 ParOldGen       total 68608K, used 13950K [0x00000000c0000000, 0x00000000c4300000, 0x00000000eab00000)
  object space 68608K, 20% used [0x00000000c0000000,0x00000000c0d9f8e0,0x00000000c4300000)
 Metaspace       used 42019K, committed 42752K, reserved 1089536K
  class space    used 4546K, committed 4864K, reserved 1048576K
}

Deoptimization events (20 events):
Event: 6.523 Thread 0x0000014d6d56c100 Uncommon trap: trap_request=0xffffff45 fr.pc=0x0000014d619f9ea4 relative=0x0000000000000264
Event: 6.523 Thread 0x0000014d6d56c100 Uncommon trap: reason=unstable_if action=reinterpret pc=0x0000014d619f9ea4 method=java.lang.invoke.VarHandle.getTypesAndInvokers()Ljava/lang/invoke/VarHandle$TypesAndInvokers; @ 6 c2
Event: 6.523 Thread 0x0000014d6d56c100 DEOPT PACKING pc=0x0000014d619f9ea4 sp=0x0000002576cfeb10
Event: 6.523 Thread 0x0000014d6d56c100 DEOPT UNPACKING pc=0x0000014d59e820a3 sp=0x0000002576cfe978 mode 2
Event: 6.523 Thread 0x0000014d6d56c100 Uncommon trap: trap_request=0xffffff45 fr.pc=0x0000014d6191a4cc relative=0x00000000000000ac
Event: 6.523 Thread 0x0000014d6d56c100 Uncommon trap: reason=unstable_if action=reinterpret pc=0x0000014d6191a4cc method=jdk.internal.misc.Unsafe.convEndian(ZI)I @ 4 c2
Event: 6.523 Thread 0x0000014d6d56c100 DEOPT PACKING pc=0x0000014d6191a4cc sp=0x0000002576cfe930
Event: 6.523 Thread 0x0000014d6d56c100 DEOPT UNPACKING pc=0x0000014d59e820a3 sp=0x0000002576cfe7c8 mode 2
Event: 6.529 Thread 0x0000014d6d569f50 Uncommon trap: trap_request=0xffffff45 fr.pc=0x0000014d619d721c relative=0x00000000000001fc
Event: 6.529 Thread 0x0000014d6d569f50 Uncommon trap: reason=unstable_if action=reinterpret pc=0x0000014d619d721c method=java.util.WeakHashMap.expungeStaleEntries()V @ 9 c2
Event: 6.529 Thread 0x0000014d6d569f50 DEOPT PACKING pc=0x0000014d619d721c sp=0x0000002576dfdfc0
Event: 6.529 Thread 0x0000014d6d569f50 DEOPT UNPACKING pc=0x0000014d59e820a3 sp=0x0000002576dfdf58 mode 2
Event: 6.558 Thread 0x0000014d6d56b760 Uncommon trap: trap_request=0xffffff45 fr.pc=0x0000014d61ae8024 relative=0x0000000000006744
Event: 6.558 Thread 0x0000014d6d56b760 Uncommon trap: reason=unstable_if action=reinterpret pc=0x0000014d61ae8024 method=jdk.internal.org.objectweb.asm.Frame.execute(IILjdk/internal/org/objectweb/asm/Symbol;Ljdk/internal/org/objectweb/asm/SymbolTable;)V @ 1 c2
Event: 6.559 Thread 0x0000014d6d56b760 DEOPT PACKING pc=0x0000014d61ae8024 sp=0x0000002576bf91e0
Event: 6.559 Thread 0x0000014d6d56b760 DEOPT UNPACKING pc=0x0000014d59e820a3 sp=0x0000002576bf9188 mode 2
Event: 6.581 Thread 0x0000014d6d56b760 Uncommon trap: trap_request=0xffffff45 fr.pc=0x0000014d61b4bac4 relative=0x0000000000000184
Event: 6.581 Thread 0x0000014d6d56b760 Uncommon trap: reason=unstable_if action=reinterpret pc=0x0000014d61b4bac4 method=org.eclipse.sisu.inject.InjectorBindings.isAssignableFrom(Lcom/google/inject/TypeLiteral;Lcom/google/inject/Binding;)Z @ 14 c2
Event: 6.581 Thread 0x0000014d6d56b760 DEOPT PACKING pc=0x0000014d61b4bac4 sp=0x0000002576bfda40
Event: 6.581 Thread 0x0000014d6d56b760 DEOPT UNPACKING pc=0x0000014d59e820a3 sp=0x0000002576bfd9e0 mode 2

Classes unloaded (0 events):
No events

Classes redefined (0 events):
No events

Internal exceptions (20 events):
Event: 3.987 Thread 0x0000014d6d262a40 Exception <a 'java/io/FileNotFoundException'{0x00000000ebeb3a48}> (0x00000000ebeb3a48) 
thrown [e:\jenkins\tmp\workspace\build\src\src\hotspot\share\prims\jni.cpp, line 516]
Event: 4.002 Thread 0x0000014d6d262a40 Exception <a 'java/io/FileNotFoundException'{0x00000000ebf8d2b0}> (0x00000000ebf8d2b0) 
thrown [e:\jenkins\tmp\workspace\build\src\src\hotspot\share\prims\jni.cpp, line 516]
Event: 4.008 Thread 0x0000014d6d262a40 Exception <a 'java/io/FileNotFoundException'{0x00000000ebfb77a8}> (0x00000000ebfb77a8) 
thrown [e:\jenkins\tmp\workspace\build\src\src\hotspot\share\prims\jni.cpp, line 516]
Event: 4.128 Thread 0x0000014d6d262a40 Implicit null exception at 0x0000014d61a07bc3 to 0x0000014d61a087e8
Event: 4.128 Thread 0x0000014d6d262a40 Implicit null exception at 0x0000014d61a06247 to 0x0000014d61a06ebc
Event: 4.129 Thread 0x0000014d6d262a40 Exception <a 'java/lang/NoSuchMethodError'{0x00000000ec31c338}: 'void java.lang.invoke.DirectMethodHandle$Holder.invokeStatic(java.lang.Object, java.lang.Object, java.lang.Object, java.lang.Object)'> (0x00000000ec31c338) 
thrown [e:\jenkins\tmp\workspace\build\src\src\hotspot\share\interpreter\linkResolver.cpp, line 766]
Event: 4.580 Thread 0x0000014d571a0f90 Exception <a 'java/lang/NoSuchMethodError'{0x00000000eb6c0c00}: 'java.lang.Object java.lang.invoke.DirectMethodHandle$Holder.newInvokeSpecial(java.lang.Object, java.lang.Object, java.lang.Object, java.lang.Object, java.lang.Object)'> (0x00000000eb6c0c00) 
thrown [e:\jenkins\tmp\workspace\build\src\src\hotspot\share\interpreter\linkResolver.cpp, line 766]
Event: 4.768 Thread 0x0000014d6d56adc0 Exception <a 'java/io/FileNotFoundException'{0x00000000eabccdb0}> (0x00000000eabccdb0) 
thrown [e:\jenkins\tmp\workspace\build\src\src\hotspot\share\prims\jni.cpp, line 516]
Event: 4.851 Thread 0x0000014d6d56adc0 Exception <a 'java/lang/NoSuchMethodError'{0x00000000eaeb68d8}: 'void java.lang.invoke.DirectMethodHandle$Holder.invokeStatic(java.lang.Object, java.lang.Object, java.lang.Object, java.lang.Object, java.lang.Object, java.lang.Object)'> (0x00000000eaeb68d8) 
thrown [e:\jenkins\tmp\workspace\build\src\src\hotspot\share\interpreter\linkResolver.cpp, line 766]
Event: 5.340 Thread 0x0000014d6d56b760 Implicit null exception at 0x0000014d6199fd5c to 0x0000014d6199ffc4
Event: 5.352 Thread 0x0000014d6d56b760 Implicit null exception at 0x0000014d6198a057 to 0x0000014d6198a2a8
Event: 5.365 Thread 0x0000014d6d56caa0 Exception <a 'java/io/FileNotFoundException'{0x00000000ec276360}> (0x00000000ec276360) 
thrown [e:\jenkins\tmp\workspace\build\src\src\hotspot\share\prims\jni.cpp, line 516]
Event: 5.365 Thread 0x0000014d6d56caa0 Exception <a 'java/io/FileNotFoundException'{0x00000000ec277540}> (0x00000000ec277540) 
thrown [e:\jenkins\tmp\workspace\build\src\src\hotspot\share\prims\jni.cpp, line 516]
Event: 5.386 Thread 0x0000014d6d569f50 Exception <a 'java/lang/NoSuchMethodError'{0x00000000eace5b98}: 'java.lang.Object java.lang.invoke.DirectMethodHandle$Holder.newInvokeSpecial(java.lang.Object, java.lang.Object, java.lang.Object, int, java.lang.Object)'> (0x00000000eace5b98) 
thrown [e:\jenkins\tmp\workspace\build\src\src\hotspot\share\interpreter\linkResolver.cpp, line 766]
Event: 5.386 Thread 0x0000014d6d569f50 Exception <a 'java/lang/NoSuchMethodError'{0x00000000eace9d48}: 'java.lang.Object java.lang.invoke.DirectMethodHandle$Holder.invokeSpecial(java.lang.Object, java.lang.Object, java.lang.Object, java.lang.Object, int, java.lang.Object)'> (0x00000000eace9d48) 
thrown [e:\jenkins\tmp\workspace\build\src\src\hotspot\share\interpreter\linkResolver.cpp, line 766]
Event: 6.371 Thread 0x0000014d6d56c100 Exception <a 'java/lang/NoClassDefFoundError'{0x00000000eb5066b0}: com/google/inject/servlet/ServletModuleTargetVisitor> (0x00000000eb5066b0) 
thrown [e:\jenkins\tmp\workspace\build\src\src\hotspot\share\classfile\systemDictionary.cpp, line 245]
Event: 6.371 Thread 0x0000014d6d56c100 Exception <a 'java/lang/NoClassDefFoundError'{0x00000000eb509000}: javax/annotation/Priority> (0x00000000eb509000) 
thrown [e:\jenkins\tmp\workspace\build\src\src\hotspot\share\classfile\systemDictionary.cpp, line 245]
Event: 6.523 Thread 0x0000014d6d56c100 Implicit null exception at 0x0000014d619f9c70 to 0x0000014d619f9e74
Event: 6.580 Thread 0x0000014d6d569f50 Exception <a 'sun/nio/fs/WindowsException'{0x00000000eb8f87e0}> (0x00000000eb8f87e0) 
thrown [e:\jenkins\tmp\workspace\build\src\src\hotspot\share\prims\jni.cpp, line 516]
Event: 6.582 Thread 0x0000014d6d569f50 Exception <a 'sun/nio/fs/WindowsException'{0x00000000eb8faf00}> (0x00000000eb8faf00) 
thrown [e:\jenkins\tmp\workspace\build\src\src\hotspot\share\prims\jni.cpp, line 516]

VM Operations (20 events):
Event: 4.981 Executing VM operation: HandshakeAllThreads
Event: 4.981 Executing VM operation: HandshakeAllThreads done
Event: 5.250 Executing VM operation: HandshakeAllThreads
Event: 5.250 Executing VM operation: HandshakeAllThreads done
Event: 5.366 Executing VM operation: ParallelGCFailedAllocation
Event: 5.369 Executing VM operation: ParallelGCFailedAllocation done
Event: 5.589 Executing VM operation: HandshakeAllThreads
Event: 5.589 Executing VM operation: HandshakeAllThreads done
Event: 6.039 Executing VM operation: ParallelGCFailedAllocation
Event: 6.042 Executing VM operation: ParallelGCFailedAllocation done
Event: 6.216 Executing VM operation: HandshakeAllThreads
Event: 6.216 Executing VM operation: HandshakeAllThreads done
Event: 6.395 Executing VM operation: HandshakeAllThreads
Event: 6.395 Executing VM operation: HandshakeAllThreads done
Event: 6.430 Executing VM operation: ICBufferFull
Event: 6.431 Executing VM operation: ICBufferFull done
Event: 6.461 Executing VM operation: HandshakeAllThreads
Event: 6.462 Executing VM operation: HandshakeAllThreads done
Event: 6.527 Executing VM operation: HandshakeAllThreads
Event: 6.529 Executing VM operation: HandshakeAllThreads done

Events (20 events):
Event: 5.659 loading class java/lang/InheritableThreadLocal
Event: 5.659 loading class java/lang/InheritableThreadLocal done
Event: 5.845 loading class java/util/concurrent/CompletionService
Event: 5.845 loading class java/util/concurrent/CompletionService done
Event: 6.033 loading class sun/reflect/generics/scope/ConstructorScope
Event: 6.033 loading class sun/reflect/generics/scope/ConstructorScope done
Event: 6.033 loading class sun/reflect/generics/tree/VoidDescriptor
Event: 6.033 loading class sun/reflect/generics/tree/VoidDescriptor done
Event: 6.154 loading class javax/net/ssl/SSLSocketFactory
Event: 6.154 loading class javax/net/SocketFactory
Event: 6.154 loading class javax/net/SocketFactory done
Event: 6.154 loading class javax/net/ssl/SSLSocketFactory done
Event: 6.382 loading class java/util/regex/Pattern$Curly
Event: 6.382 loading class java/util/regex/Pattern$Curly done
Event: 6.383 loading class java/lang/ProcessEnvironment$CheckedKeySet
Event: 6.383 loading class java/lang/ProcessEnvironment$CheckedKeySet done
Event: 6.522 loading class sun/security/provider/MD5
Event: 6.523 loading class sun/security/provider/MD5 done
Event: 6.523 loading class sun/security/provider/ByteArrayAccess$LE
Event: 6.523 loading class sun/security/provider/ByteArrayAccess$LE done


Dynamic libraries:
0x00007ff71a0e0000 - 0x00007ff71a0ee000 	c:\Users\Brainium\.vscode\extensions\redhat.java-1.4.0\jre\17.0.2-win32-x86_64\bin\java.exe
0x00007ffc24fd0000 - 0x00007ffc251c5000 	C:\Windows\SYSTEM32\ntdll.dll
0x00007ffc24540000 - 0x00007ffc245fe000 	C:\Windows\System32\KERNEL32.DLL
0x00007ffc22960000 - 0x00007ffc22c28000 	C:\Windows\System32\KERNELBASE.dll
0x00007ffc22f10000 - 0x00007ffc23010000 	C:\Windows\System32\ucrtbase.dll
0x00007ffc1e1f0000 - 0x00007ffc1e209000 	c:\Users\Brainium\.vscode\extensions\redhat.java-1.4.0\jre\17.0.2-win32-x86_64\bin\VCRUNTIME140.dll
0x00007ffc1e250000 - 0x00007ffc1e268000 	c:\Users\Brainium\.vscode\extensions\redhat.java-1.4.0\jre\17.0.2-win32-x86_64\bin\jli.dll
0x00007ffc246a0000 - 0x00007ffc24841000 	C:\Windows\System32\USER32.dll
0x00007ffc0a210000 - 0x00007ffc0a4aa000 	C:\Windows\WinSxS\amd64_microsoft.windows.common-controls_6595b64144ccf1df_6.0.19041.1110_none_60b5254171f9507e\COMCTL32.dll
0x00007ffc23070000 - 0x00007ffc2310e000 	C:\Windows\System32\msvcrt.dll
0x00007ffc22c30000 - 0x00007ffc22c52000 	C:\Windows\System32\win32u.dll
0x00007ffc23480000 - 0x00007ffc234ab000 	C:\Windows\System32\GDI32.dll
0x00007ffc22850000 - 0x00007ffc2295d000 	C:\Windows\System32\gdi32full.dll
0x00007ffc22e70000 - 0x00007ffc22f0d000 	C:\Windows\System32\msvcp_win.dll
0x00007ffc24d00000 - 0x00007ffc24d30000 	C:\Windows\System32\IMM32.DLL
0x00007ffc1e180000 - 0x00007ffc1e18c000 	c:\Users\Brainium\.vscode\extensions\redhat.java-1.4.0\jre\17.0.2-win32-x86_64\bin\vcruntime140_1.dll
0x00007ffbffcc0000 - 0x00007ffbffd51000 	c:\Users\Brainium\.vscode\extensions\redhat.java-1.4.0\jre\17.0.2-win32-x86_64\bin\msvcp140.dll
0x00007ffbbee80000 - 0x00007ffbbfac7000 	c:\Users\Brainium\.vscode\extensions\redhat.java-1.4.0\jre\17.0.2-win32-x86_64\bin\server\jvm.dll
0x00007ffc23540000 - 0x00007ffc235ec000 	C:\Windows\System32\ADVAPI32.dll
0x00007ffc24600000 - 0x00007ffc2469b000 	C:\Windows\System32\sechost.dll
0x00007ffc24d30000 - 0x00007ffc24e5a000 	C:\Windows\System32\RPCRT4.dll
0x00007ffc23470000 - 0x00007ffc23478000 	C:\Windows\System32\PSAPI.DLL
0x00007ffc10820000 - 0x00007ffc10829000 	C:\Windows\SYSTEM32\WSOCK32.dll
0x00007ffc14300000 - 0x00007ffc14327000 	C:\Windows\SYSTEM32\WINMM.dll
0x00007ffc23a90000 - 0x00007ffc23afb000 	C:\Windows\System32\WS2_32.dll
0x00007ffc131d0000 - 0x00007ffc131da000 	C:\Windows\SYSTEM32\VERSION.dll
0x00007ffc205f0000 - 0x00007ffc20602000 	C:\Windows\SYSTEM32\kernel.appcore.dll
0x00007ffc126c0000 - 0x00007ffc126ca000 	c:\Users\Brainium\.vscode\extensions\redhat.java-1.4.0\jre\17.0.2-win32-x86_64\bin\jimage.dll
0x00007ffc143a0000 - 0x00007ffc14584000 	C:\Windows\SYSTEM32\DBGHELP.DLL
0x00007ffc14110000 - 0x00007ffc1413c000 	C:\Windows\SYSTEM32\dbgcore.DLL
0x00007ffc22760000 - 0x00007ffc227e2000 	C:\Windows\System32\bcryptPrimitives.dll
0x00007ffc02f50000 - 0x00007ffc02f75000 	c:\Users\Brainium\.vscode\extensions\redhat.java-1.4.0\jre\17.0.2-win32-x86_64\bin\java.dll
0x00007ffc10460000 - 0x00007ffc10478000 	c:\Users\Brainium\.vscode\extensions\redhat.java-1.4.0\jre\17.0.2-win32-x86_64\bin\zip.dll
0x00007ffc23d30000 - 0x00007ffc24474000 	C:\Windows\System32\SHELL32.dll
0x00007ffc207f0000 - 0x00007ffc20f84000 	C:\Windows\SYSTEM32\windows.storage.dll
0x00007ffc23110000 - 0x00007ffc23465000 	C:\Windows\System32\combase.dll
0x00007ffc22060000 - 0x00007ffc2208e000 	C:\Windows\SYSTEM32\Wldp.dll
0x00007ffc23c80000 - 0x00007ffc23d2d000 	C:\Windows\System32\SHCORE.dll
0x00007ffc23010000 - 0x00007ffc23065000 	C:\Windows\System32\shlwapi.dll
0x00007ffc22620000 - 0x00007ffc2263f000 	C:\Windows\SYSTEM32\profapi.dll
0x00007ffc0f7a0000 - 0x00007ffc0f7b9000 	C:\Users\Brainium\.vscode\extensions\redhat.java-1.4.0\jre\17.0.2-win32-x86_64\bin\net.dll
0x00007ffc170a0000 - 0x00007ffc171ac000 	C:\Windows\SYSTEM32\WINHTTP.dll
0x00007ffc21dc0000 - 0x00007ffc21e2a000 	C:\Windows\system32\mswsock.dll
0x00007ffc0f5f0000 - 0x00007ffc0f605000 	C:\Users\Brainium\.vscode\extensions\redhat.java-1.4.0\jre\17.0.2-win32-x86_64\bin\nio.dll
0x00007ffc21fb0000 - 0x00007ffc21fc8000 	C:\Windows\SYSTEM32\CRYPTSP.dll
0x00007ffc21740000 - 0x00007ffc21774000 	C:\Windows\system32\rsaenh.dll
0x00007ffc226e0000 - 0x00007ffc22707000 	C:\Windows\System32\bcrypt.dll
0x00007ffc225a0000 - 0x00007ffc225ce000 	C:\Windows\SYSTEM32\USERENV.dll
0x00007ffc21fd0000 - 0x00007ffc21fdc000 	C:\Windows\SYSTEM32\CRYPTBASE.dll
0x00007ffc21ab0000 - 0x00007ffc21aeb000 	C:\Windows\SYSTEM32\IPHLPAPI.DLL
0x00007ffc24530000 - 0x00007ffc24538000 	C:\Windows\System32\NSI.dll
0x00007ffc1caf0000 - 0x00007ffc1cb07000 	C:\Windows\SYSTEM32\dhcpcsvc6.DLL
0x00007ffc1ba30000 - 0x00007ffc1ba4d000 	C:\Windows\SYSTEM32\dhcpcsvc.DLL
0x00007ffc21af0000 - 0x00007ffc21bbb000 	C:\Windows\SYSTEM32\DNSAPI.dll
0x00007ffbffc80000 - 0x00007ffbffcbe000 	C:\Users\Brainium\AppData\Roaming\Code\User\globalStorage\redhat.java\1.4.0\config_win\org.eclipse.equinox.launcher\org.eclipse.equinox.launcher.win32.win32.x86_64_1.2.400.v20211117-0650\eclipse_11602.dll
0x00007ffc24e60000 - 0x00007ffc24f8a000 	C:\Windows\System32\ole32.dll
0x00007ffc126b0000 - 0x00007ffc126c0000 	c:\Users\Brainium\.vscode\extensions\redhat.java-1.4.0\jre\17.0.2-win32-x86_64\bin\verify.dll
0x00007ffc0afd0000 - 0x00007ffc0afe1000 	C:\Users\Brainium\AppData\Roaming\Code\User\globalStorage\redhat.java\1.4.0\config_win\org.eclipse.osgi\22\0\.cp\jWinHttp-1.0.0.dll

dbghelp: loaded successfully - version: 4.0.5 - missing functions: none
symbol engine: initialized successfully - sym options: 0x614 - pdb path: .;c:\Users\Brainium\.vscode\extensions\redhat.java-1.4.0\jre\17.0.2-win32-x86_64\bin;C:\Windows\SYSTEM32;C:\Windows\WinSxS\amd64_microsoft.windows.common-controls_6595b64144ccf1df_6.0.19041.1110_none_60b5254171f9507e;c:\Users\Brainium\.vscode\extensions\redhat.java-1.4.0\jre\17.0.2-win32-x86_64\bin\server;C:\Users\Brainium\AppData\Roaming\Code\User\globalStorage\redhat.java\1.4.0\config_win\org.eclipse.equinox.launcher\org.eclipse.equinox.launcher.win32.win32.x86_64_1.2.400.v20211117-0650;C:\Users\Brainium\AppData\Roaming\Code\User\globalStorage\redhat.java\1.4.0\config_win\org.eclipse.osgi\22\0\.cp

VM Arguments:
jvm_args: --add-modules=ALL-SYSTEM --add-opens=java.base/java.util=ALL-UNNAMED --add-opens=java.base/java.lang=ALL-UNNAMED --add-opens=java.base/sun.nio.fs=ALL-UNNAMED -Declipse.application=org.eclipse.jdt.ls.core.id1 -Dosgi.bundles.defaultStartLevel=4 -Declipse.product=org.eclipse.jdt.ls.core.product -Djava.import.generatesMetadataFilesAtProjectRoot=false -Dfile.encoding=utf8 -DwatchParentProcess=false -XX:+UseParallelGC -XX:GCTimeRatio=4 -XX:AdaptiveSizePolicyWeight=90 -Dsun.zip.disableMemoryMapping=true -Xmx1G -Xms100m -XX:+HeapDumpOnOutOfMemoryError -XX:HeapDumpPath=c:\Users\Brainium\AppData\Roaming\Code\User\workspaceStorage\aa935be7eaaadbe4656cd6069061b3e0\redhat.java 
java_command: c:\Users\Brainium\.vscode\extensions\redhat.java-1.4.0\server\plugins\org.eclipse.equinox.launcher_1.6.400.v20210924-0641.jar -configuration c:\Users\Brainium\AppData\Roaming\Code\User\globalStorage\redhat.java\1.4.0\config_win -data c:\Users\Brainium\AppData\Roaming\Code\User\workspaceStorage\aa935be7eaaadbe4656cd6069061b3e0\redhat.java\jdt_ws
java_class_path (initial): c:\Users\Brainium\.vscode\extensions\redhat.java-1.4.0\server\plugins\org.eclipse.equinox.launcher_1.6.400.v20210924-0641.jar
Launcher Type: SUN_STANDARD

[Global flags]
    uintx AdaptiveSizePolicyWeight                 = 90                                        {product} {command line}
     intx CICompilerCount                          = 3                                         {product} {ergonomic}
    uintx GCTimeRatio                              = 4                                         {product} {command line}
     bool HeapDumpOnOutOfMemoryError               = true                                   {manageable} {command line}
    ccstr HeapDumpPath                             = c:\Users\Brainium\AppData\Roaming\Code\User\workspaceStorage\aa935be7eaaadbe4656cd6069061b3e0\redhat.java         {manageable} {command line}
   size_t InitialHeapSize                          = 104857600                                 {product} {command line}
   size_t MaxHeapSize                              = 1073741824                                {product} {command line}
   size_t MaxNewSize                               = 357564416                                 {product} {ergonomic}
   size_t MinHeapDeltaBytes                        = 524288                                    {product} {ergonomic}
   size_t MinHeapSize                              = 104857600                                 {product} {command line}
   size_t NewSize                                  = 34603008                                  {product} {ergonomic}
    uintx NonNMethodCodeHeapSize                   = 5832780                                {pd product} {ergonomic}
    uintx NonProfiledCodeHeapSize                  = 122912730                              {pd product} {ergonomic}
   size_t OldSize                                  = 70254592                                  {product} {ergonomic}
    uintx ProfiledCodeHeapSize                     = 122912730                              {pd product} {ergonomic}
    uintx ReservedCodeCacheSize                    = 251658240                              {pd product} {ergonomic}
     bool SegmentedCodeCache                       = true                                      {product} {ergonomic}
   size_t SoftMaxHeapSize                          = 1073741824                             {manageable} {ergonomic}
     bool UseCompressedClassPointers               = true                           {product lp64_product} {ergonomic}
     bool UseCompressedOops                        = true                           {product lp64_product} {ergonomic}
     bool UseLargePagesIndividualAllocation        = false                                  {pd product} {ergonomic}
     bool UseParallelGC                            = true                                      {product} {command line}

Logging:
Log output configuration:
 #0: stdout all=warning uptime,level,tags
 #1: stderr all=off uptime,level,tags

Environment Variables:
JAVA_HOME=C:\Program Files\Java\jdk1.8.0_301
PATH=C:\Python39\Scripts\;C:\Python39\;C:\Windows\system32;C:\Windows;C:\Windows\System32\Wbem;C:\Windows\System32\WindowsPowerShell\v1.0\;C:\Windows\System32\OpenSSH\;C:\ProgramData\chocolatey\bin;C:\Program Files\MySQL\MySQL Server 8.0\bin;C:\Program Files\PuTTY\;C:\Program Files\Java\jdk-15.0.2\bin;C:\Users\Brainium\AppData\Local\Android\Sdk\platform-tools;C:\Program Files\Java\jdk1.8.0_301\bin;C:\Program Files (x86)\Common Files\Oracle\Java\javapath;C:\gradle\gradle-6.3\bin;%ANDROID_HOME%\tools;C:\Program Files\TortoiseSVN\bin;C:\Program Files\Git\cmd;C:\Users\Brainium\AppData\Roaming\nvm;C:\Program Files\nodejs;C:\Program Files\MySQL\MySQL Shell 8.0\bin\;C:\Users\Brainium\AppData\Local\Microsoft\WindowsApps;C:\Users\Brainium\AppData\Roaming\npm;C:\Users\Brainium\AppData\Local\Programs\Microsoft VS Code\bin;C:\Users\Brainium\AppData\Roaming\nvm;C:\Program Files\nodejs;
USERNAME=Brainium
OS=Windows_NT
PROCESSOR_IDENTIFIER=Intel64 Family 6 Model 60 Stepping 3, GenuineIntel



---------------  S Y S T E M  ---------------

OS:
 Windows 10 , 64 bit Build 19041 (10.0.19041.1348)
OS uptime: 0 days 1:54 hours

CPU: total 4 (initial active 4) (4 cores per cpu, 1 threads per core) family 6 model 60 stepping 3 microcode 0x27, cx8, cmov, fxsr, mmx, sse, sse2, sse3, ssse3, sse4.1, sse4.2, popcnt, lzcnt, tsc, tscinvbit, avx, avx2, aes, erms, clmul, bmi1, bmi2, fma, vzeroupper, clflush

Memory: 4k page, system-wide physical 12188M (1868M free)
TotalPageFile size 25868M (AvailPageFile size 16M)
current process WorkingSet (physical memory assigned to process): 181M, peak: 198M
current process commit charge ("private bytes"): 267M, peak: 288M

vm_info: OpenJDK 64-Bit Server VM (17.0.2+8) for windows-amd64 JRE (17.0.2+8), built on Jan 20 2022 04:52:34 by "" with MS VC++ 16.7 (VS2019)

END.
