#
# There is insufficient memory for the Java Runtime Environment to continue.
# Native memory allocation (malloc) failed to allocate 1707392 bytes for Chunk::new
# Possible reasons:
#   The system is out of physical RAM or swap space
#   The process is running with CompressedOops enabled, and the Java Heap may be blocking the growth of the native heap
# Possible solutions:
#   Reduce memory load on the system
#   Increase physical memory or swap space
#   Check if swap backing store is full
#   Decrease Java heap size (-Xmx/-Xms)
#   Decrease number of Java threads
#   Decrease Java thread stack sizes (-Xss)
#   Set larger code cache with -XX:ReservedCodeCacheSize=
#   JVM is running with Unscaled Compressed Oops mode in which the Java heap is
#     placed in the first 4GB address space. The Java Heap base address is the
#     maximum limit for the native heap growth. Please use -XX:HeapBaseMinAddress
#     to set the Java Heap base and to place the Java Heap above 4GB virtual address.
# This output file may be truncated or incomplete.
#
#  Out of Memory Error (arena.cpp:189), pid=13612, tid=14008
#
# JRE version: OpenJDK Runtime Environment Temurin-17.0.2+8 (17.0.2+8) (build 17.0.2+8)
# Java VM: OpenJDK 64-Bit Server VM Temurin-17.0.2+8 (17.0.2+8, mixed mode, tiered, compressed oops, compressed class ptrs, parallel gc, windows-amd64)
# No core dump will be written. Minidumps are not enabled by default on client versions of Windows
#

---------------  S U M M A R Y ------------

Command Line: --add-modules=ALL-SYSTEM --add-opens=java.base/java.util=ALL-UNNAMED --add-opens=java.base/java.lang=ALL-UNNAMED --add-opens=java.base/sun.nio.fs=ALL-UNNAMED -Declipse.application=org.eclipse.jdt.ls.core.id1 -Dosgi.bundles.defaultStartLevel=4 -Declipse.product=org.eclipse.jdt.ls.core.product -Djava.import.generatesMetadataFilesAtProjectRoot=false -Dfile.encoding=utf8 -DwatchParentProcess=false -XX:+UseParallelGC -XX:GCTimeRatio=4 -XX:AdaptiveSizePolicyWeight=90 -Dsun.zip.disableMemoryMapping=true -Xmx1G -Xms100m -XX:+HeapDumpOnOutOfMemoryError -XX:HeapDumpPath=c:\Users\Brainium\AppData\Roaming\Code\User\workspaceStorage\aa935be7eaaadbe4656cd6069061b3e0\redhat.java c:\Users\Brainium\.vscode\extensions\redhat.java-1.4.0\server\plugins\org.eclipse.equinox.launcher_1.6.400.v20210924-0641.jar -configuration c:\Users\Brainium\AppData\Roaming\Code\User\globalStorage\redhat.java\1.4.0\config_win -data c:\Users\Brainium\AppData\Roaming\Code\User\workspaceStorage\aa935be7eaaadbe4656cd6069061b3e0\redhat.java\jdt_ws

Host: Intel(R) Core(TM) i5-4440S CPU @ 2.80GHz, 4 cores, 11G,  Windows 10 , 64 bit Build 19041 (10.0.19041.1348)
Time: Mon Apr 11 14:18:04 2022 India Standard Time elapsed time: 4.575340 seconds (0d 0h 0m 4s)

---------------  T H R E A D  ---------------

Current thread (0x000001f31499ff90):  JavaThread "C2 CompilerThread1" daemon [_thread_in_native, id=14008, stack(0x000000b136c00000,0x000000b136d00000)]


Current CompileTask:
C2:   4575 3640   !   4       org.eclipse.osgi.internal.loader.BundleLoader::findClass0 (461 bytes)

Stack: [0x000000b136c00000,0x000000b136d00000]
Native frames: (J=compiled Java code, j=interpreted, Vv=VM code, C=native code)
V  [jvm.dll+0x67564a]
V  [jvm.dll+0x82fc04]
V  [jvm.dll+0x8313ae]
V  [jvm.dll+0x831a13]
V  [jvm.dll+0x245235]
V  [jvm.dll+0xabd7b]
V  [jvm.dll+0xac30c]
V  [jvm.dll+0x3631f7]
V  [jvm.dll+0x1bb8e8]
V  [jvm.dll+0x218229]
V  [jvm.dll+0x2174f1]
V  [jvm.dll+0x1a3a8d]
V  [jvm.dll+0x226ef8]
V  [jvm.dll+0x22503c]
V  [jvm.dll+0x7e596b]
V  [jvm.dll+0x7dff2a]
V  [jvm.dll+0x6744d5]
C  [ucrtbase.dll+0x21bb2]
C  [KERNEL32.DLL+0x17034]
C  [ntdll.dll+0x52651]


---------------  P R O C E S S  ---------------

Threads class SMR info:
_java_thread_list=0x000001f316b47170, length=27, elements={
0x000001f37c641e60, 0x000001f37f453760, 0x000001f37f454220, 0x000001f37f479140,
0x000001f37f479c00, 0x000001f37f47a6c0, 0x000001f37f490020, 0x000001f37f492cd0,
0x000001f3129380e0, 0x000001f37f4c81d0, 0x000001f37c6fdaf0, 0x000001f312aef2a0,
0x000001f3130e81a0, 0x000001f313429c70, 0x000001f3143c09b0, 0x000001f3133ab250,
0x000001f314407840, 0x000001f3145b3810, 0x000001f3145ee6b0, 0x000001f314792a20,
0x000001f314792550, 0x000001f31499ff90, 0x000001f314792ef0, 0x000001f3147933c0,
0x000001f314795570, 0x000001f3147950a0, 0x000001f314793890
}

Java Threads: ( => current thread )
  0x000001f37c641e60 JavaThread "main" [_thread_blocked, id=12604, stack(0x000000b135300000,0x000000b135400000)]
  0x000001f37f453760 JavaThread "Reference Handler" daemon [_thread_blocked, id=2036, stack(0x000000b135600000,0x000000b135700000)]
  0x000001f37f454220 JavaThread "Finalizer" daemon [_thread_blocked, id=12348, stack(0x000000b135700000,0x000000b135800000)]
  0x000001f37f479140 JavaThread "Signal Dispatcher" daemon [_thread_blocked, id=13216, stack(0x000000b135800000,0x000000b135900000)]
  0x000001f37f479c00 JavaThread "Attach Listener" daemon [_thread_blocked, id=5284, stack(0x000000b135900000,0x000000b135a00000)]
  0x000001f37f47a6c0 JavaThread "Service Thread" daemon [_thread_blocked, id=412, stack(0x000000b135a00000,0x000000b135b00000)]
  0x000001f37f490020 JavaThread "Monitor Deflation Thread" daemon [_thread_blocked, id=11964, stack(0x000000b135b00000,0x000000b135c00000)]
  0x000001f37f492cd0 JavaThread "C2 CompilerThread0" daemon [_thread_in_native, id=1216, stack(0x000000b135c00000,0x000000b135d00000)]
  0x000001f3129380e0 JavaThread "C1 CompilerThread0" daemon [_thread_blocked, id=6456, stack(0x000000b135d00000,0x000000b135e00000)]
  0x000001f37f4c81d0 JavaThread "Sweeper thread" daemon [_thread_blocked, id=11972, stack(0x000000b135e00000,0x000000b135f00000)]
  0x000001f37c6fdaf0 JavaThread "Common-Cleaner" daemon [_thread_blocked, id=9364, stack(0x000000b135f00000,0x000000b136000000)]
  0x000001f312aef2a0 JavaThread "Notification Thread" daemon [_thread_blocked, id=9312, stack(0x000000b136000000,0x000000b136100000)]
  0x000001f3130e81a0 JavaThread "Active Thread: Equinox Container: 73334949-4d28-412e-b161-986c5bae6f0d" [_thread_blocked, id=11244, stack(0x000000b136300000,0x000000b136400000)]
  0x000001f313429c70 JavaThread "Framework Event Dispatcher: Equinox Container: 73334949-4d28-412e-b161-986c5bae6f0d" daemon [_thread_blocked, id=7436, stack(0x000000b136400000,0x000000b136500000)]
  0x000001f3143c09b0 JavaThread "Start Level: Equinox Container: 73334949-4d28-412e-b161-986c5bae6f0d" daemon [_thread_blocked, id=11104, stack(0x000000b136800000,0x000000b136900000)]
  0x000001f3133ab250 JavaThread "SCR Component Actor" daemon [_thread_blocked, id=7720, stack(0x000000b136900000,0x000000b136a00000)]
  0x000001f314407840 JavaThread "Timer-0" [_thread_blocked, id=2624, stack(0x000000b136a00000,0x000000b136b00000)]
  0x000001f3145b3810 JavaThread "Bundle File Closer" daemon [_thread_blocked, id=14168, stack(0x000000b136b00000,0x000000b136c00000)]
  0x000001f3145ee6b0 JavaThread "Worker-JM" [_thread_blocked, id=8408, stack(0x000000b136200000,0x000000b136300000)]
  0x000001f314792a20 JavaThread "Worker-0: Updating workspace" [_thread_blocked, id=13856, stack(0x000000b136d00000,0x000000b136e00000)]
  0x000001f314792550 JavaThread "Worker-1: Refreshing workspace" [_thread_in_vm, id=13716, stack(0x000000b136e00000,0x000000b136f00000)]
=>0x000001f31499ff90 JavaThread "C2 CompilerThread1" daemon [_thread_in_native, id=14008, stack(0x000000b136c00000,0x000000b136d00000)]
  0x000001f314792ef0 JavaThread "Java indexing" daemon [_thread_blocked, id=14276, stack(0x000000b136f00000,0x000000b137000000)]
  0x000001f3147933c0 JavaThread "Worker-2: Updating Maven Dependencies" [_thread_blocked, id=9360, stack(0x000000b137000000,0x000000b137100000)]
  0x000001f314795570 JavaThread "Worker-3: Repository registry initialization" [_thread_in_Java, id=1248, stack(0x000000b137100000,0x000000b137200000)]
  0x000001f3147950a0 JavaThread "pool-2-thread-1" [_thread_blocked, id=1148, stack(0x000000b137200000,0x000000b137300000)]
  0x000001f314793890 JavaThread "Worker-4" [_thread_blocked, id=6776, stack(0x000000b137300000,0x000000b137400000)]

Other Threads:
  0x000001f37f43b5c0 VMThread "VM Thread" [stack: 0x000000b135500000,0x000000b135600000] [id=8244]
  0x000001f312aef770 WatcherThread [stack: 0x000000b136100000,0x000000b136200000] [id=12068]
  0x000001f37c656580 GCTaskThread "GC Thread#0" [stack: 0x000000b135400000,0x000000b135500000] [id=740]
  0x000001f312dad4c0 GCTaskThread "GC Thread#1" [stack: 0x000000b136500000,0x000000b136600000] [id=13284]
  0x000001f31342a5b0 GCTaskThread "GC Thread#2" [stack: 0x000000b136600000,0x000000b136700000] [id=13840]
  0x000001f31342ac70 GCTaskThread "GC Thread#3" [stack: 0x000000b136700000,0x000000b136800000] [id=2800]

Threads with active compile tasks:
C2 CompilerThread0     4595 3653       4       jdk.internal.org.objectweb.asm.Frame::execute (2318 bytes)
C2 CompilerThread1     4595 3640   !   4       org.eclipse.osgi.internal.loader.BundleLoader::findClass0 (461 bytes)

VM state: not at safepoint (normal execution)

VM Mutex/Monitor currently owned by a thread: None

Heap address: 0x00000000c0000000, size: 1024 MB, Compressed Oops mode: 32-bit

CDS archive(s) not mapped
Compressed class space mapped at: 0x0000000100000000-0x0000000140000000, reserved size: 1073741824
Narrow klass base: 0x0000000000000000, Narrow klass shift: 3, Narrow klass range: 0x140000000

GC Precious Log:
 CPUs: 4 total, 4 available
 Memory: 12188M
 Large Page Support: Disabled
 NUMA Support: Disabled
 Compressed Oops: Enabled (32-bit)
 Alignments: Space 512K, Generation 512K, Heap 2M
 Heap Min Capacity: 100M
 Heap Initial Capacity: 100M
 Heap Max Capacity: 1G
 Pre-touch: Disabled
 Parallel Workers: 4

Heap:
 PSYoungGen      total 28160K, used 12455K [0x00000000eab00000, 0x00000000eca00000, 0x0000000100000000)
  eden space 24576K, 50% used [0x00000000eab00000,0x00000000eb729f68,0x00000000ec300000)
  from space 3584K, 0% used [0x00000000ec300000,0x00000000ec300000,0x00000000ec680000)
  to   space 3584K, 0% used [0x00000000ec680000,0x00000000ec680000,0x00000000eca00000)
 ParOldGen       total 68608K, used 13582K [0x00000000c0000000, 0x00000000c4300000, 0x00000000eab00000)
  object space 68608K, 19% used [0x00000000c0000000,0x00000000c0d43ae8,0x00000000c4300000)
 Metaspace       used 37436K, committed 38080K, reserved 1089536K
  class space    used 3930K, committed 4224K, reserved 1048576K

Card table byte_map: [0x000001f37c000000,0x000001f37c210000] _byte_map_base: 0x000001f37ba00000

Marking Bits: (ParMarkBitMap*) 0x00007ffbbfa03af0
 Begin Bits: [0x000001f30f000000, 0x000001f310000000)
 End Bits:   [0x000001f310000000, 0x000001f311000000)

Polling page: 0x000001f37a520000

Metaspace:

Usage:
  Non-class:     32.72 MB used.
      Class:      3.84 MB used.
       Both:     36.56 MB used.

Virtual space:
  Non-class space:       40.00 MB reserved,      33.06 MB ( 83%) committed,  5 nodes.
      Class space:        1.00 GB reserved,       4.12 MB ( <1%) committed,  1 nodes.
             Both:        1.04 GB reserved,      37.19 MB (  3%) committed. 

Chunk freelists:
   Non-Class:  2.38 MB
       Class:  3.85 MB
        Both:  6.23 MB

MaxMetaspaceSize: unlimited
CompressedClassSpaceSize: 1.00 GB
Initial GC threshold: 21.00 MB
Current GC threshold: 58.38 MB
CDS: off
MetaspaceReclaimPolicy: balanced
 - commit_granule_bytes: 65536.
 - commit_granule_words: 8192.
 - virtual_space_node_default_size: 1048576.
 - enlarge_chunks_in_place: 1.
 - new_chunks_are_fully_committed: 0.
 - uncommit_free_chunks: 1.
 - use_allocation_guard: 0.
 - handle_deallocations: 1.


Internal statistics:

num_allocs_failed_limit: 6.
num_arena_births: 238.
num_arena_deaths: 0.
num_vsnodes_births: 6.
num_vsnodes_deaths: 0.
num_space_committed: 595.
num_space_uncommitted: 0.
num_chunks_returned_to_freelist: 6.
num_chunks_taken_from_freelist: 1407.
num_chunk_merges: 6.
num_chunk_splits: 939.
num_chunks_enlarged: 631.
num_purges: 0.
num_inconsistent_stats: 0.

CodeHeap 'non-profiled nmethods': size=120000Kb used=1718Kb max_used=1718Kb free=118282Kb
 bounds [0x000001f307ad0000, 0x000001f307d40000, 0x000001f30f000000]
CodeHeap 'profiled nmethods': size=120000Kb used=8069Kb max_used=8069Kb free=111930Kb
 bounds [0x000001f3005a0000, 0x000001f300d90000, 0x000001f307ad0000]
CodeHeap 'non-nmethods': size=5760Kb used=1244Kb max_used=1303Kb free=4515Kb
 bounds [0x000001f300000000, 0x000001f300270000, 0x000001f3005a0000]
 total_blobs=4360 nmethods=3800 adapters=474
 compilation: enabled
              stopped_count=0, restarted_count=0
 full_count=0

Compilation events (20 events):
Event: 4.555 Thread 0x000001f3129380e0 3772       3       com.sun.org.apache.xerces.internal.dom.ChildNode::<init> (6 bytes)
Event: 4.556 Thread 0x000001f3129380e0 nmethod 3772 0x000001f300d5fe90 code [0x000001f300d60040, 0x000001f300d60218]
Event: 4.558 Thread 0x000001f3129380e0 3773   !   3       org.eclipse.osgi.internal.hooks.EclipseLazyStarter::postFindLocalClass (394 bytes)
Event: 4.560 Thread 0x000001f3129380e0 nmethod 3773 0x000001f300d60310 code [0x000001f300d60840, 0x000001f300d63818]
Event: 4.563 Thread 0x000001f3129380e0 3774       3       com.sun.org.apache.xerces.internal.impl.XMLEntityScanner::invokeListeners (37 bytes)
Event: 4.564 Thread 0x000001f3129380e0 nmethod 3774 0x000001f300d64b10 code [0x000001f300d64d00, 0x000001f300d65498]
Event: 4.566 Thread 0x000001f3129380e0 3776       3       com.sun.org.apache.xerces.internal.dom.DeferredDocumentImpl::getNodeName (7 bytes)
Event: 4.566 Thread 0x000001f3129380e0 nmethod 3776 0x000001f300d65710 code [0x000001f300d658c0, 0x000001f300d65a08]
Event: 4.566 Thread 0x000001f3129380e0 3777       3       com.sun.org.apache.xerces.internal.dom.DeferredDocumentImpl::getNodeObject (497 bytes)
Event: 4.568 Thread 0x000001f3129380e0 nmethod 3777 0x000001f300d65a90 code [0x000001f300d65f00, 0x000001f300d682c8]
Event: 4.568 Thread 0x000001f3129380e0 3778       3       com.sun.org.apache.xerces.internal.dom.NodeImpl::isIdAttribute (29 bytes)
Event: 4.568 Thread 0x000001f3129380e0 nmethod 3778 0x000001f300d68f90 code [0x000001f300d69120, 0x000001f300d69298]
Event: 4.569 Thread 0x000001f3129380e0 3779       3       org.codehaus.plexus.util.xml.pull.MXParser::next (10 bytes)
Event: 4.569 Thread 0x000001f3129380e0 nmethod 3779 0x000001f300d69310 code [0x000001f300d694c0, 0x000001f300d69608]
Event: 4.570 Thread 0x000001f3129380e0 3781       2       java.lang.Character::isHighSurrogate (18 bytes)
Event: 4.572 Thread 0x000001f3129380e0 nmethod 3781 0x000001f300d69690 code [0x000001f300d69820, 0x000001f300d69938]
Event: 4.572 Thread 0x000001f3129380e0 3783       2       java.util.regex.Pattern$Slice::match (79 bytes)
Event: 4.572 Thread 0x000001f3129380e0 nmethod 3783 0x000001f300d69a10 code [0x000001f300d69be0, 0x000001f300d69e98]
Event: 4.572 Thread 0x000001f3129380e0 3782       2       java.lang.Character::codePointAt (51 bytes)
Event: 4.573 Thread 0x000001f3129380e0 nmethod 3782 0x000001f300d6a010 code [0x000001f300d6a1c0, 0x000001f300d6a408]

GC Heap History (18 events):
Event: 1.199 GC heap before
{Heap before GC invocations=1 (full 0):
 PSYoungGen      total 29696K, used 25600K [0x00000000eab00000, 0x00000000ecc00000, 0x0000000100000000)
  eden space 25600K, 100% used [0x00000000eab00000,0x00000000ec400000,0x00000000ec400000)
  from space 4096K, 0% used [0x00000000ec800000,0x00000000ec800000,0x00000000ecc00000)
  to   space 4096K, 0% used [0x00000000ec400000,0x00000000ec400000,0x00000000ec800000)
 ParOldGen       total 68608K, used 0K [0x00000000c0000000, 0x00000000c4300000, 0x00000000eab00000)
  object space 68608K, 0% used [0x00000000c0000000,0x00000000c0000000,0x00000000c4300000)
 Metaspace       used 12834K, committed 13056K, reserved 1064960K
  class space    used 1294K, committed 1408K, reserved 1048576K
}
Event: 1.205 GC heap after
{Heap after GC invocations=1 (full 0):
 PSYoungGen      total 29696K, used 4088K [0x00000000eab00000, 0x00000000ecc00000, 0x0000000100000000)
  eden space 25600K, 0% used [0x00000000eab00000,0x00000000eab00000,0x00000000ec400000)
  from space 4096K, 99% used [0x00000000ec400000,0x00000000ec7fe2e8,0x00000000ec800000)
  to   space 4096K, 0% used [0x00000000ec800000,0x00000000ec800000,0x00000000ecc00000)
 ParOldGen       total 68608K, used 640K [0x00000000c0000000, 0x00000000c4300000, 0x00000000eab00000)
  object space 68608K, 0% used [0x00000000c0000000,0x00000000c00a0020,0x00000000c4300000)
 Metaspace       used 12834K, committed 13056K, reserved 1064960K
  class space    used 1294K, committed 1408K, reserved 1048576K
}
Event: 1.869 GC heap before
{Heap before GC invocations=2 (full 0):
 PSYoungGen      total 29696K, used 29558K [0x00000000eab00000, 0x00000000ecc00000, 0x0000000100000000)
  eden space 25600K, 99% used [0x00000000eab00000,0x00000000ec3df870,0x00000000ec400000)
  from space 4096K, 99% used [0x00000000ec400000,0x00000000ec7fe2e8,0x00000000ec800000)
  to   space 4096K, 0% used [0x00000000ec800000,0x00000000ec800000,0x00000000ecc00000)
 ParOldGen       total 68608K, used 640K [0x00000000c0000000, 0x00000000c4300000, 0x00000000eab00000)
  object space 68608K, 0% used [0x00000000c0000000,0x00000000c00a0020,0x00000000c4300000)
 Metaspace       used 19422K, committed 19776K, reserved 1073152K
  class space    used 1970K, committed 2112K, reserved 1048576K
}
Event: 1.875 GC heap after
{Heap after GC invocations=2 (full 0):
 PSYoungGen      total 29696K, used 4087K [0x00000000eab00000, 0x00000000ecc00000, 0x0000000100000000)
  eden space 25600K, 0% used [0x00000000eab00000,0x00000000eab00000,0x00000000ec400000)
  from space 4096K, 99% used [0x00000000ec800000,0x00000000ecbfdc48,0x00000000ecc00000)
  to   space 4096K, 0% used [0x00000000ec400000,0x00000000ec400000,0x00000000ec800000)
 ParOldGen       total 68608K, used 5744K [0x00000000c0000000, 0x00000000c4300000, 0x00000000eab00000)
  object space 68608K, 8% used [0x00000000c0000000,0x00000000c059c150,0x00000000c4300000)
 Metaspace       used 19422K, committed 19776K, reserved 1073152K
  class space    used 1970K, committed 2112K, reserved 1048576K
}
Event: 2.471 GC heap before
{Heap before GC invocations=3 (full 0):
 PSYoungGen      total 29696K, used 14003K [0x00000000eab00000, 0x00000000ecc00000, 0x0000000100000000)
  eden space 25600K, 38% used [0x00000000eab00000,0x00000000eb4af148,0x00000000ec400000)
  from space 4096K, 99% used [0x00000000ec800000,0x00000000ecbfdc48,0x00000000ecc00000)
  to   space 4096K, 0% used [0x00000000ec400000,0x00000000ec400000,0x00000000ec800000)
 ParOldGen       total 68608K, used 5744K [0x00000000c0000000, 0x00000000c4300000, 0x00000000eab00000)
  object space 68608K, 8% used [0x00000000c0000000,0x00000000c059c150,0x00000000c4300000)
 Metaspace       used 21047K, committed 21504K, reserved 1073152K
  class space    used 2126K, committed 2368K, reserved 1048576K
}
Event: 2.476 GC heap after
{Heap after GC invocations=3 (full 0):
 PSYoungGen      total 29696K, used 4089K [0x00000000eab00000, 0x00000000ecc00000, 0x0000000100000000)
  eden space 25600K, 0% used [0x00000000eab00000,0x00000000eab00000,0x00000000ec400000)
  from space 4096K, 99% used [0x00000000ec400000,0x00000000ec7fe680,0x00000000ec800000)
  to   space 4096K, 0% used [0x00000000ec800000,0x00000000ec800000,0x00000000ecc00000)
 ParOldGen       total 68608K, used 6764K [0x00000000c0000000, 0x00000000c4300000, 0x00000000eab00000)
  object space 68608K, 9% used [0x00000000c0000000,0x00000000c069b228,0x00000000c4300000)
 Metaspace       used 21047K, committed 21504K, reserved 1073152K
  class space    used 2126K, committed 2368K, reserved 1048576K
}
Event: 2.476 GC heap before
{Heap before GC invocations=4 (full 1):
 PSYoungGen      total 29696K, used 4089K [0x00000000eab00000, 0x00000000ecc00000, 0x0000000100000000)
  eden space 25600K, 0% used [0x00000000eab00000,0x00000000eab00000,0x00000000ec400000)
  from space 4096K, 99% used [0x00000000ec400000,0x00000000ec7fe680,0x00000000ec800000)
  to   space 4096K, 0% used [0x00000000ec800000,0x00000000ec800000,0x00000000ecc00000)
 ParOldGen       total 68608K, used 6764K [0x00000000c0000000, 0x00000000c4300000, 0x00000000eab00000)
  object space 68608K, 9% used [0x00000000c0000000,0x00000000c069b228,0x00000000c4300000)
 Metaspace       used 21047K, committed 21504K, reserved 1073152K
  class space    used 2126K, committed 2368K, reserved 1048576K
}
Event: 2.499 GC heap after
{Heap after GC invocations=4 (full 1):
 PSYoungGen      total 29696K, used 0K [0x00000000eab00000, 0x00000000ecc00000, 0x0000000100000000)
  eden space 25600K, 0% used [0x00000000eab00000,0x00000000eab00000,0x00000000ec400000)
  from space 4096K, 0% used [0x00000000ec400000,0x00000000ec400000,0x00000000ec800000)
  to   space 4096K, 0% used [0x00000000ec800000,0x00000000ec800000,0x00000000ecc00000)
 ParOldGen       total 68608K, used 10483K [0x00000000c0000000, 0x00000000c4300000, 0x00000000eab00000)
  object space 68608K, 15% used [0x00000000c0000000,0x00000000c0a3cc28,0x00000000c4300000)
 Metaspace       used 21047K, committed 21504K, reserved 1073152K
  class space    used 2126K, committed 2368K, reserved 1048576K
}
Event: 2.786 GC heap before
{Heap before GC invocations=5 (full 1):
 PSYoungGen      total 29696K, used 25600K [0x00000000eab00000, 0x00000000ecc00000, 0x0000000100000000)
  eden space 25600K, 100% used [0x00000000eab00000,0x00000000ec400000,0x00000000ec400000)
  from space 4096K, 0% used [0x00000000ec400000,0x00000000ec400000,0x00000000ec800000)
  to   space 4096K, 0% used [0x00000000ec800000,0x00000000ec800000,0x00000000ecc00000)
 ParOldGen       total 68608K, used 10483K [0x00000000c0000000, 0x00000000c4300000, 0x00000000eab00000)
  object space 68608K, 15% used [0x00000000c0000000,0x00000000c0a3cc28,0x00000000c4300000)
 Metaspace       used 26446K, committed 26880K, reserved 1081344K
  class space    used 2531K, committed 2688K, reserved 1048576K
}
Event: 2.789 GC heap after
{Heap after GC invocations=5 (full 1):
 PSYoungGen      total 29696K, used 923K [0x00000000eab00000, 0x00000000ecc00000, 0x0000000100000000)
  eden space 25600K, 0% used [0x00000000eab00000,0x00000000eab00000,0x00000000ec400000)
  from space 4096K, 22% used [0x00000000ec800000,0x00000000ec8e6f38,0x00000000ecc00000)
  to   space 4096K, 0% used [0x00000000ec400000,0x00000000ec400000,0x00000000ec800000)
 ParOldGen       total 68608K, used 10491K [0x00000000c0000000, 0x00000000c4300000, 0x00000000eab00000)
  object space 68608K, 15% used [0x00000000c0000000,0x00000000c0a3ec28,0x00000000c4300000)
 Metaspace       used 26446K, committed 26880K, reserved 1081344K
  class space    used 2531K, committed 2688K, reserved 1048576K
}
Event: 3.299 GC heap before
{Heap before GC invocations=6 (full 1):
 PSYoungGen      total 29696K, used 26523K [0x00000000eab00000, 0x00000000ecc00000, 0x0000000100000000)
  eden space 25600K, 100% used [0x00000000eab00000,0x00000000ec400000,0x00000000ec400000)
  from space 4096K, 22% used [0x00000000ec800000,0x00000000ec8e6f38,0x00000000ecc00000)
  to   space 4096K, 0% used [0x00000000ec400000,0x00000000ec400000,0x00000000ec800000)
 ParOldGen       total 68608K, used 10491K [0x00000000c0000000, 0x00000000c4300000, 0x00000000eab00000)
  object space 68608K, 15% used [0x00000000c0000000,0x00000000c0a3ec28,0x00000000c4300000)
 Metaspace       used 31920K, committed 32576K, reserved 1081344K
  class space    used 3234K, committed 3520K, reserved 1048576K
}
Event: 3.301 GC heap after
{Heap after GC invocations=6 (full 1):
 PSYoungGen      total 28672K, used 3109K [0x00000000eab00000, 0x00000000eca80000, 0x0000000100000000)
  eden space 25088K, 0% used [0x00000000eab00000,0x00000000eab00000,0x00000000ec380000)
  from space 3584K, 86% used [0x00000000ec400000,0x00000000ec7096a8,0x00000000ec780000)
  to   space 3072K, 0% used [0x00000000ec780000,0x00000000ec780000,0x00000000eca80000)
 ParOldGen       total 68608K, used 10499K [0x00000000c0000000, 0x00000000c4300000, 0x00000000eab00000)
  object space 68608K, 15% used [0x00000000c0000000,0x00000000c0a40c28,0x00000000c4300000)
 Metaspace       used 31920K, committed 32576K, reserved 1081344K
  class space    used 3234K, committed 3520K, reserved 1048576K
}
Event: 4.047 GC heap before
{Heap before GC invocations=7 (full 1):
 PSYoungGen      total 28672K, used 28197K [0x00000000eab00000, 0x00000000eca80000, 0x0000000100000000)
  eden space 25088K, 100% used [0x00000000eab00000,0x00000000ec380000,0x00000000ec380000)
  from space 3584K, 86% used [0x00000000ec400000,0x00000000ec7096a8,0x00000000ec780000)
  to   space 3072K, 0% used [0x00000000ec780000,0x00000000ec780000,0x00000000eca80000)
 ParOldGen       total 68608K, used 10499K [0x00000000c0000000, 0x00000000c4300000, 0x00000000eab00000)
  object space 68608K, 15% used [0x00000000c0000000,0x00000000c0a40c28,0x00000000c4300000)
 Metaspace       used 34724K, committed 35328K, reserved 1081344K
  class space    used 3585K, committed 3840K, reserved 1048576K
}
Event: 4.049 GC heap after
{Heap after GC invocations=7 (full 1):
 PSYoungGen      total 27648K, used 3056K [0x00000000eab00000, 0x00000000ecc00000, 0x0000000100000000)
  eden space 24576K, 0% used [0x00000000eab00000,0x00000000eab00000,0x00000000ec300000)
  from space 3072K, 99% used [0x00000000ec780000,0x00000000eca7c238,0x00000000eca80000)
  to   space 4608K, 0% used [0x00000000ec300000,0x00000000ec300000,0x00000000ec780000)
 ParOldGen       total 68608K, used 11371K [0x00000000c0000000, 0x00000000c4300000, 0x00000000eab00000)
  object space 68608K, 16% used [0x00000000c0000000,0x00000000c0b1ad30,0x00000000c4300000)
 Metaspace       used 34724K, committed 35328K, reserved 1081344K
  class space    used 3585K, committed 3840K, reserved 1048576K
}
Event: 4.184 GC heap before
{Heap before GC invocations=8 (full 1):
 PSYoungGen      total 27648K, used 7197K [0x00000000eab00000, 0x00000000ecc00000, 0x0000000100000000)
  eden space 24576K, 16% used [0x00000000eab00000,0x00000000eaf0b590,0x00000000ec300000)
  from space 3072K, 99% used [0x00000000ec780000,0x00000000eca7c238,0x00000000eca80000)
  to   space 4608K, 0% used [0x00000000ec300000,0x00000000ec300000,0x00000000ec780000)
 ParOldGen       total 68608K, used 11371K [0x00000000c0000000, 0x00000000c4300000, 0x00000000eab00000)
  object space 68608K, 16% used [0x00000000c0000000,0x00000000c0b1ad30,0x00000000c4300000)
 Metaspace       used 35233K, committed 35840K, reserved 1081344K
  class space    used 3658K, committed 3904K, reserved 1048576K
}
Event: 4.187 GC heap after
{Heap after GC invocations=8 (full 1):
 PSYoungGen      total 28160K, used 3217K [0x00000000eab00000, 0x00000000eca00000, 0x0000000100000000)
  eden space 24576K, 0% used [0x00000000eab00000,0x00000000eab00000,0x00000000ec300000)
  from space 3584K, 89% used [0x00000000ec300000,0x00000000ec624430,0x00000000ec680000)
  to   space 3584K, 0% used [0x00000000ec680000,0x00000000ec680000,0x00000000eca00000)
 ParOldGen       total 68608K, used 11379K [0x00000000c0000000, 0x00000000c4300000, 0x00000000eab00000)
  object space 68608K, 16% used [0x00000000c0000000,0x00000000c0b1cd30,0x00000000c4300000)
 Metaspace       used 35233K, committed 35840K, reserved 1081344K
  class space    used 3658K, committed 3904K, reserved 1048576K
}
Event: 4.187 GC heap before
{Heap before GC invocations=9 (full 2):
 PSYoungGen      total 28160K, used 3217K [0x00000000eab00000, 0x00000000eca00000, 0x0000000100000000)
  eden space 24576K, 0% used [0x00000000eab00000,0x00000000eab00000,0x00000000ec300000)
  from space 3584K, 89% used [0x00000000ec300000,0x00000000ec624430,0x00000000ec680000)
  to   space 3584K, 0% used [0x00000000ec680000,0x00000000ec680000,0x00000000eca00000)
 ParOldGen       total 68608K, used 11379K [0x00000000c0000000, 0x00000000c4300000, 0x00000000eab00000)
  object space 68608K, 16% used [0x00000000c0000000,0x00000000c0b1cd30,0x00000000c4300000)
 Metaspace       used 35233K, committed 35840K, reserved 1081344K
  class space    used 3658K, committed 3904K, reserved 1048576K
}
Event: 4.213 GC heap after
{Heap after GC invocations=9 (full 2):
 PSYoungGen      total 28160K, used 0K [0x00000000eab00000, 0x00000000eca00000, 0x0000000100000000)
  eden space 24576K, 0% used [0x00000000eab00000,0x00000000eab00000,0x00000000ec300000)
  from space 3584K, 0% used [0x00000000ec300000,0x00000000ec300000,0x00000000ec680000)
  to   space 3584K, 0% used [0x00000000ec680000,0x00000000ec680000,0x00000000eca00000)
 ParOldGen       total 68608K, used 13582K [0x00000000c0000000, 0x00000000c4300000, 0x00000000eab00000)
  object space 68608K, 19% used [0x00000000c0000000,0x00000000c0d43ae8,0x00000000c4300000)
 Metaspace       used 35233K, committed 35840K, reserved 1081344K
  class space    used 3658K, committed 3904K, reserved 1048576K
}

Deoptimization events (20 events):
Event: 4.541 Thread 0x000001f314795570 Uncommon trap: trap_request=0xffffffde fr.pc=0x000001f307c6e3b0 relative=0x0000000000000090
Event: 4.541 Thread 0x000001f314795570 Uncommon trap: reason=class_check action=maybe_recompile pc=0x000001f307c6e3b0 method=java.lang.Character.codePointAt(Ljava/lang/CharSequence;I)I @ 2 c2
Event: 4.541 Thread 0x000001f314795570 DEOPT PACKING pc=0x000001f307c6e3b0 sp=0x000000b1371fde60
Event: 4.541 Thread 0x000001f314795570 DEOPT UNPACKING pc=0x000001f3000520a3 sp=0x000000b1371fdde8 mode 2
Event: 4.541 Thread 0x000001f314795570 Uncommon trap: trap_request=0xffffffbe fr.pc=0x000001f307c6c56c relative=0x00000000000001cc
Event: 4.541 Thread 0x000001f314795570 Uncommon trap: reason=profile_predicate action=maybe_recompile pc=0x000001f307c6c56c method=java.util.regex.Pattern$Slice.match(Ljava/util/regex/Matcher;ILjava/lang/CharSequence;)Z @ 18 c2
Event: 4.541 Thread 0x000001f314795570 DEOPT PACKING pc=0x000001f307c6c56c sp=0x000000b1371fde40
Event: 4.541 Thread 0x000001f314795570 DEOPT UNPACKING pc=0x000001f3000520a3 sp=0x000000b1371fddd0 mode 2
Event: 4.541 Thread 0x000001f314795570 Uncommon trap: trap_request=0xffffffbe fr.pc=0x000001f307c6c56c relative=0x00000000000001cc
Event: 4.541 Thread 0x000001f314795570 Uncommon trap: reason=profile_predicate action=maybe_recompile pc=0x000001f307c6c56c method=java.util.regex.Pattern$Slice.match(Ljava/util/regex/Matcher;ILjava/lang/CharSequence;)Z @ 18 c2
Event: 4.541 Thread 0x000001f314795570 DEOPT PACKING pc=0x000001f307c6c56c sp=0x000000b1371fde40
Event: 4.541 Thread 0x000001f314795570 DEOPT UNPACKING pc=0x000001f3000520a3 sp=0x000000b1371fddd0 mode 2
Event: 4.541 Thread 0x000001f314795570 Uncommon trap: trap_request=0xffffffbe fr.pc=0x000001f307c6c56c relative=0x00000000000001cc
Event: 4.541 Thread 0x000001f314795570 Uncommon trap: reason=profile_predicate action=maybe_recompile pc=0x000001f307c6c56c method=java.util.regex.Pattern$Slice.match(Ljava/util/regex/Matcher;ILjava/lang/CharSequence;)Z @ 18 c2
Event: 4.541 Thread 0x000001f314795570 DEOPT PACKING pc=0x000001f307c6c56c sp=0x000000b1371fde40
Event: 4.541 Thread 0x000001f314795570 DEOPT UNPACKING pc=0x000001f3000520a3 sp=0x000000b1371fddd0 mode 2
Event: 4.541 Thread 0x000001f314795570 Uncommon trap: trap_request=0xffffffbe fr.pc=0x000001f307c6c56c relative=0x00000000000001cc
Event: 4.541 Thread 0x000001f314795570 Uncommon trap: reason=profile_predicate action=maybe_recompile pc=0x000001f307c6c56c method=java.util.regex.Pattern$Slice.match(Ljava/util/regex/Matcher;ILjava/lang/CharSequence;)Z @ 18 c2
Event: 4.541 Thread 0x000001f314795570 DEOPT PACKING pc=0x000001f307c6c56c sp=0x000000b1371fde40
Event: 4.541 Thread 0x000001f314795570 DEOPT UNPACKING pc=0x000001f3000520a3 sp=0x000000b1371fddd0 mode 2

Classes unloaded (0 events):
No events

Classes redefined (0 events):
No events

Internal exceptions (20 events):
Event: 2.518 Thread 0x000001f3143c09b0 Exception <a 'java/io/FileNotFoundException'{0x00000000eac76248}> (0x00000000eac76248) 
thrown [e:\jenkins\tmp\workspace\build\src\src\hotspot\share\prims\jni.cpp, line 516]
Event: 2.518 Thread 0x000001f3143c09b0 Exception <a 'java/io/FileNotFoundException'{0x00000000eac773a8}> (0x00000000eac773a8) 
thrown [e:\jenkins\tmp\workspace\build\src\src\hotspot\share\prims\jni.cpp, line 516]
Event: 2.518 Thread 0x000001f3143c09b0 Exception <a 'java/io/FileNotFoundException'{0x00000000eac78510}> (0x00000000eac78510) 
thrown [e:\jenkins\tmp\workspace\build\src\src\hotspot\share\prims\jni.cpp, line 516]
Event: 2.724 Thread 0x000001f3143c09b0 Exception <a 'java/lang/ClassNotFoundException'{0x00000000ec0183b8}: com/sun/org/apache/xerces/internal/impl/msg/spi/DOMMessagesProvider> (0x00000000ec0183b8) 
thrown [e:\jenkins\tmp\workspace\build\src\src\hotspot\share\classfile\systemDictionary.cpp, line 256]
Event: 2.726 Thread 0x000001f3143c09b0 Exception <a 'java/lang/ClassNotFoundException'{0x00000000ec030dc8}: com/sun/org/apache/xerces/internal/impl/msg/spi/XMLSerializerMessagesProvider> (0x00000000ec030dc8) 
thrown [e:\jenkins\tmp\workspace\build\src\src\hotspot\share\classfile\systemDictionary.cpp, line 256]
Event: 2.726 Thread 0x000001f3143c09b0 Exception <a 'java/lang/ClassNotFoundException'{0x00000000ec03e0a0}: com/sun/org/apache/xerces/internal/impl/msg/spi/XMLMessagesProvider> (0x00000000ec03e0a0) 
thrown [e:\jenkins\tmp\workspace\build\src\src\hotspot\share\classfile\systemDictionary.cpp, line 256]
Event: 2.852 Thread 0x000001f3143c09b0 Exception <a 'java/lang/ClassNotFoundException'{0x00000000eae11960}: com/sun/org/apache/xml/internal/serializer/spi/XMLEntitiesProvider> (0x00000000eae11960) 
thrown [e:\jenkins\tmp\workspace\build\src\src\hotspot\share\classfile\systemDictionary.cpp, line 256]
Event: 3.005 Thread 0x000001f3143c09b0 Exception <a 'java/lang/NoSuchMethodError'{0x00000000eb713070}: 'void java.lang.invoke.DirectMethodHandle$Holder.invokeSpecial(java.lang.Object, java.lang.Object, java.lang.Object, int)'> (0x00000000eb713070) 
thrown [e:\jenkins\tmp\workspace\build\src\src\hotspot\share\interpreter\linkResolver.cpp, line 766]
Event: 3.114 Thread 0x000001f3143c09b0 Exception <a 'java/lang/NoSuchMethodError'{0x00000000eb957678}: 'org.slf4j.impl.StaticMDCBinder org.slf4j.impl.StaticMDCBinder.getSingleton()'> (0x00000000eb957678) 
thrown [e:\jenkins\tmp\workspace\build\src\src\hotspot\share\interpreter\linkResolver.cpp, line 766]
Event: 3.140 Thread 0x000001f3143c09b0 Exception <a 'java/io/FileNotFoundException'{0x00000000eba74590}> (0x00000000eba74590) 
thrown [e:\jenkins\tmp\workspace\build\src\src\hotspot\share\prims\jni.cpp, line 516]
Event: 3.148 Thread 0x000001f3143c09b0 Exception <a 'java/io/FileNotFoundException'{0x00000000ebaacc08}> (0x00000000ebaacc08) 
thrown [e:\jenkins\tmp\workspace\build\src\src\hotspot\share\prims\jni.cpp, line 516]
Event: 3.154 Thread 0x000001f314792550 Exception <a 'java/lang/NoSuchMethodError'{0x00000000ebb791c8}: 'java.lang.Object java.lang.invoke.DirectMethodHandle$Holder.newInvokeSpecial(java.lang.Object, java.lang.Object, java.lang.Object, int)'> (0x00000000ebb791c8) 
thrown [e:\jenkins\tmp\workspace\build\src\src\hotspot\share\interpreter\linkResolver.cpp, line 766]
Event: 3.154 Thread 0x000001f314792550 Exception <a 'java/lang/NoSuchMethodError'{0x00000000ebb7d5a8}: 'java.lang.Object java.lang.invoke.DirectMethodHandle$Holder.invokeSpecial(java.lang.Object, java.lang.Object, java.lang.Object, java.lang.Object, int)'> (0x00000000ebb7d5a8) 
thrown [e:\jenkins\tmp\workspace\build\src\src\hotspot\share\interpreter\linkResolver.cpp, line 766]
Event: 3.154 Thread 0x000001f3143c09b0 Exception <a 'java/io/FileNotFoundException'{0x00000000ebb23f18}> (0x00000000ebb23f18) 
thrown [e:\jenkins\tmp\workspace\build\src\src\hotspot\share\prims\jni.cpp, line 516]
Event: 3.154 Thread 0x000001f314792550 Exception <a 'java/lang/NoSuchMethodError'{0x00000000ebb81170}: 'java.lang.Object java.lang.invoke.Invokers$Holder.linkToTargetMethod(java.lang.Object, java.lang.Object, int, java.lang.Object)'> (0x00000000ebb81170) 
thrown [e:\jenkins\tmp\workspace\build\src\src\hotspot\share\interpreter\linkResolver.cpp, line 766]
Event: 3.245 Thread 0x000001f3143c09b0 Implicit null exception at 0x000001f307bdc3c7 to 0x000001f307bdd03c
Event: 3.246 Thread 0x000001f3143c09b0 Exception <a 'java/lang/NoSuchMethodError'{0x00000000ebf0a748}: 'void java.lang.invoke.DirectMethodHandle$Holder.invokeStatic(java.lang.Object, java.lang.Object, java.lang.Object, java.lang.Object)'> (0x00000000ebf0a748) 
thrown [e:\jenkins\tmp\workspace\build\src\src\hotspot\share\interpreter\linkResolver.cpp, line 766]
Event: 3.429 Thread 0x000001f37c641e60 Exception <a 'java/lang/NoSuchMethodError'{0x00000000eb31eb18}: 'java.lang.Object java.lang.invoke.DirectMethodHandle$Holder.newInvokeSpecial(java.lang.Object, java.lang.Object, java.lang.Object, java.lang.Object, java.lang.Object)'> (0x00000000eb31eb18) 
thrown [e:\jenkins\tmp\workspace\build\src\src\hotspot\share\interpreter\linkResolver.cpp, line 766]
Event: 3.506 Thread 0x000001f3147950a0 Exception <a 'java/io/FileNotFoundException'{0x00000000eb700670}> (0x00000000eb700670) 
thrown [e:\jenkins\tmp\workspace\build\src\src\hotspot\share\prims\jni.cpp, line 516]
Event: 3.555 Thread 0x000001f3147950a0 Exception <a 'java/lang/NoSuchMethodError'{0x00000000eb9eea40}: 'void java.lang.invoke.DirectMethodHandle$Holder.invokeStatic(java.lang.Object, java.lang.Object, java.lang.Object, java.lang.Object, java.lang.Object, java.lang.Object)'> (0x00000000eb9eea40) 
thrown [e:\jenkins\tmp\workspace\build\src\src\hotspot\share\interpreter\linkResolver.cpp, line 766]

VM Operations (20 events):
Event: 3.052 Executing VM operation: ICBufferFull
Event: 3.053 Executing VM operation: ICBufferFull done
Event: 3.298 Executing VM operation: ParallelGCFailedAllocation
Event: 3.302 Executing VM operation: ParallelGCFailedAllocation done
Event: 3.498 Executing VM operation: HandshakeAllThreads
Event: 3.498 Executing VM operation: HandshakeAllThreads done
Event: 3.958 Executing VM operation: HandshakeAllThreads
Event: 3.958 Executing VM operation: HandshakeAllThreads done
Event: 4.047 Executing VM operation: ParallelGCFailedAllocation
Event: 4.049 Executing VM operation: ParallelGCFailedAllocation done
Event: 4.129 Executing VM operation: HandshakeAllThreads
Event: 4.129 Executing VM operation: HandshakeAllThreads done
Event: 4.163 Executing VM operation: HandshakeAllThreads
Event: 4.164 Executing VM operation: HandshakeAllThreads done
Event: 4.184 Executing VM operation: CollectForMetadataAllocation
Event: 4.213 Executing VM operation: CollectForMetadataAllocation done
Event: 4.455 Executing VM operation: HandshakeAllThreads
Event: 4.474 Executing VM operation: HandshakeAllThreads done
Event: 4.528 Executing VM operation: HandshakeAllThreads
Event: 4.528 Executing VM operation: HandshakeAllThreads done

Events (20 events):
Event: 4.120 loading class java/util/Formatter$FormatSpecifier done
Event: 4.120 loading class java/util/Formatter$Flags
Event: 4.121 loading class java/util/Formatter$Flags done
Event: 4.140 loading class java/lang/TypeNotPresentException
Event: 4.140 loading class java/lang/TypeNotPresentException done
Event: 4.140 loading class jdk/internal/reflect/UnsafeIntegerFieldAccessorImpl
Event: 4.140 loading class jdk/internal/reflect/UnsafeIntegerFieldAccessorImpl done
Event: 4.218 loading class java/io/FilterReader
Event: 4.218 loading class java/io/FilterReader done
Event: 4.318 loading class java/lang/annotation/ElementType
Event: 4.318 loading class java/lang/annotation/ElementType done
Event: 4.364 loading class java/util/concurrent/TimeoutException
Event: 4.364 loading class java/util/concurrent/TimeoutException done
Event: 4.366 loading class java/util/ServiceConfigurationError
Event: 4.366 loading class java/util/ServiceConfigurationError done
Event: 4.448 Thread 0x000001f314793890 Thread added: 0x000001f314793890
Event: 4.485 loading class java/lang/Short$ShortCache
Event: 4.485 loading class java/lang/Short$ShortCache done
Event: 4.534 loading class java/io/UncheckedIOException
Event: 4.534 loading class java/io/UncheckedIOException done


Dynamic libraries:
0x00007ff71a0e0000 - 0x00007ff71a0ee000 	c:\Users\Brainium\.vscode\extensions\redhat.java-1.4.0\jre\17.0.2-win32-x86_64\bin\java.exe
0x00007ffc24fd0000 - 0x00007ffc251c5000 	C:\Windows\SYSTEM32\ntdll.dll
0x00007ffc24540000 - 0x00007ffc245fe000 	C:\Windows\System32\KERNEL32.DLL
0x00007ffc22960000 - 0x00007ffc22c28000 	C:\Windows\System32\KERNELBASE.dll
0x00007ffc22f10000 - 0x00007ffc23010000 	C:\Windows\System32\ucrtbase.dll
0x00007ffc1e250000 - 0x00007ffc1e268000 	c:\Users\Brainium\.vscode\extensions\redhat.java-1.4.0\jre\17.0.2-win32-x86_64\bin\jli.dll
0x00007ffc246a0000 - 0x00007ffc24841000 	C:\Windows\System32\USER32.dll
0x00007ffc22c30000 - 0x00007ffc22c52000 	C:\Windows\System32\win32u.dll
0x00007ffc23480000 - 0x00007ffc234ab000 	C:\Windows\System32\GDI32.dll
0x00007ffc22850000 - 0x00007ffc2295d000 	C:\Windows\System32\gdi32full.dll
0x00007ffc22e70000 - 0x00007ffc22f0d000 	C:\Windows\System32\msvcp_win.dll
0x00007ffc1e1f0000 - 0x00007ffc1e209000 	c:\Users\Brainium\.vscode\extensions\redhat.java-1.4.0\jre\17.0.2-win32-x86_64\bin\VCRUNTIME140.dll
0x00007ffc0a210000 - 0x00007ffc0a4aa000 	C:\Windows\WinSxS\amd64_microsoft.windows.common-controls_6595b64144ccf1df_6.0.19041.1110_none_60b5254171f9507e\COMCTL32.dll
0x00007ffc23070000 - 0x00007ffc2310e000 	C:\Windows\System32\msvcrt.dll
0x00007ffc24d00000 - 0x00007ffc24d30000 	C:\Windows\System32\IMM32.DLL
0x00007ffc1e180000 - 0x00007ffc1e18c000 	c:\Users\Brainium\.vscode\extensions\redhat.java-1.4.0\jre\17.0.2-win32-x86_64\bin\vcruntime140_1.dll
0x00007ffbffcc0000 - 0x00007ffbffd51000 	c:\Users\Brainium\.vscode\extensions\redhat.java-1.4.0\jre\17.0.2-win32-x86_64\bin\msvcp140.dll
0x00007ffbbee80000 - 0x00007ffbbfac7000 	c:\Users\Brainium\.vscode\extensions\redhat.java-1.4.0\jre\17.0.2-win32-x86_64\bin\server\jvm.dll
0x00007ffc23540000 - 0x00007ffc235ec000 	C:\Windows\System32\ADVAPI32.dll
0x00007ffc24600000 - 0x00007ffc2469b000 	C:\Windows\System32\sechost.dll
0x00007ffc24d30000 - 0x00007ffc24e5a000 	C:\Windows\System32\RPCRT4.dll
0x00007ffc23470000 - 0x00007ffc23478000 	C:\Windows\System32\PSAPI.DLL
0x00007ffc10820000 - 0x00007ffc10829000 	C:\Windows\SYSTEM32\WSOCK32.dll
0x00007ffc23a90000 - 0x00007ffc23afb000 	C:\Windows\System32\WS2_32.dll
0x00007ffc14300000 - 0x00007ffc14327000 	C:\Windows\SYSTEM32\WINMM.dll
0x00007ffc131d0000 - 0x00007ffc131da000 	C:\Windows\SYSTEM32\VERSION.dll
0x00007ffc205f0000 - 0x00007ffc20602000 	C:\Windows\SYSTEM32\kernel.appcore.dll
0x00007ffc126c0000 - 0x00007ffc126ca000 	c:\Users\Brainium\.vscode\extensions\redhat.java-1.4.0\jre\17.0.2-win32-x86_64\bin\jimage.dll
0x00007ffc143a0000 - 0x00007ffc14584000 	C:\Windows\SYSTEM32\DBGHELP.DLL
0x00007ffc14110000 - 0x00007ffc1413c000 	C:\Windows\SYSTEM32\dbgcore.DLL
0x00007ffc22760000 - 0x00007ffc227e2000 	C:\Windows\System32\bcryptPrimitives.dll
0x00007ffc02f50000 - 0x00007ffc02f75000 	c:\Users\Brainium\.vscode\extensions\redhat.java-1.4.0\jre\17.0.2-win32-x86_64\bin\java.dll
0x00007ffc10460000 - 0x00007ffc10478000 	c:\Users\Brainium\.vscode\extensions\redhat.java-1.4.0\jre\17.0.2-win32-x86_64\bin\zip.dll
0x00007ffc23d30000 - 0x00007ffc24474000 	C:\Windows\System32\SHELL32.dll
0x00007ffc207f0000 - 0x00007ffc20f84000 	C:\Windows\SYSTEM32\windows.storage.dll
0x00007ffc23110000 - 0x00007ffc23465000 	C:\Windows\System32\combase.dll
0x00007ffc22060000 - 0x00007ffc2208e000 	C:\Windows\SYSTEM32\Wldp.dll
0x00007ffc23c80000 - 0x00007ffc23d2d000 	C:\Windows\System32\SHCORE.dll
0x00007ffc23010000 - 0x00007ffc23065000 	C:\Windows\System32\shlwapi.dll
0x00007ffc22620000 - 0x00007ffc2263f000 	C:\Windows\SYSTEM32\profapi.dll
0x00007ffc0f7a0000 - 0x00007ffc0f7b9000 	C:\Users\Brainium\.vscode\extensions\redhat.java-1.4.0\jre\17.0.2-win32-x86_64\bin\net.dll
0x00007ffc170a0000 - 0x00007ffc171ac000 	C:\Windows\SYSTEM32\WINHTTP.dll
0x00007ffc21dc0000 - 0x00007ffc21e2a000 	C:\Windows\system32\mswsock.dll
0x00007ffc0f5f0000 - 0x00007ffc0f605000 	C:\Users\Brainium\.vscode\extensions\redhat.java-1.4.0\jre\17.0.2-win32-x86_64\bin\nio.dll
0x00007ffc21fb0000 - 0x00007ffc21fc8000 	C:\Windows\SYSTEM32\CRYPTSP.dll
0x00007ffc21740000 - 0x00007ffc21774000 	C:\Windows\system32\rsaenh.dll
0x00007ffc226e0000 - 0x00007ffc22707000 	C:\Windows\System32\bcrypt.dll
0x00007ffc225a0000 - 0x00007ffc225ce000 	C:\Windows\SYSTEM32\USERENV.dll
0x00007ffc21fd0000 - 0x00007ffc21fdc000 	C:\Windows\SYSTEM32\CRYPTBASE.dll
0x00007ffc21ab0000 - 0x00007ffc21aeb000 	C:\Windows\SYSTEM32\IPHLPAPI.DLL
0x00007ffc24530000 - 0x00007ffc24538000 	C:\Windows\System32\NSI.dll
0x00007ffc1caf0000 - 0x00007ffc1cb07000 	C:\Windows\SYSTEM32\dhcpcsvc6.DLL
0x00007ffc1ba30000 - 0x00007ffc1ba4d000 	C:\Windows\SYSTEM32\dhcpcsvc.DLL
0x00007ffc21af0000 - 0x00007ffc21bbb000 	C:\Windows\SYSTEM32\DNSAPI.dll
0x00007ffbffc80000 - 0x00007ffbffcbe000 	C:\Users\Brainium\AppData\Roaming\Code\User\globalStorage\redhat.java\1.4.0\config_win\org.eclipse.equinox.launcher\org.eclipse.equinox.launcher.win32.win32.x86_64_1.2.400.v20211117-0650\eclipse_11602.dll
0x00007ffc24e60000 - 0x00007ffc24f8a000 	C:\Windows\System32\ole32.dll
0x00007ffc126b0000 - 0x00007ffc126c0000 	c:\Users\Brainium\.vscode\extensions\redhat.java-1.4.0\jre\17.0.2-win32-x86_64\bin\verify.dll
0x00007ffc0afd0000 - 0x00007ffc0afe1000 	C:\Users\Brainium\AppData\Roaming\Code\User\globalStorage\redhat.java\1.4.0\config_win\org.eclipse.osgi\22\0\.cp\jWinHttp-1.0.0.dll

dbghelp: loaded successfully - version: 4.0.5 - missing functions: none
symbol engine: initialized successfully - sym options: 0x614 - pdb path: .;c:\Users\Brainium\.vscode\extensions\redhat.java-1.4.0\jre\17.0.2-win32-x86_64\bin;C:\Windows\SYSTEM32;C:\Windows\WinSxS\amd64_microsoft.windows.common-controls_6595b64144ccf1df_6.0.19041.1110_none_60b5254171f9507e;c:\Users\Brainium\.vscode\extensions\redhat.java-1.4.0\jre\17.0.2-win32-x86_64\bin\server;C:\Users\Brainium\AppData\Roaming\Code\User\globalStorage\redhat.java\1.4.0\config_win\org.eclipse.equinox.launcher\org.eclipse.equinox.launcher.win32.win32.x86_64_1.2.400.v20211117-0650;C:\Users\Brainium\AppData\Roaming\Code\User\globalStorage\redhat.java\1.4.0\config_win\org.eclipse.osgi\22\0\.cp

VM Arguments:
jvm_args: --add-modules=ALL-SYSTEM --add-opens=java.base/java.util=ALL-UNNAMED --add-opens=java.base/java.lang=ALL-UNNAMED --add-opens=java.base/sun.nio.fs=ALL-UNNAMED -Declipse.application=org.eclipse.jdt.ls.core.id1 -Dosgi.bundles.defaultStartLevel=4 -Declipse.product=org.eclipse.jdt.ls.core.product -Djava.import.generatesMetadataFilesAtProjectRoot=false -Dfile.encoding=utf8 -DwatchParentProcess=false -XX:+UseParallelGC -XX:GCTimeRatio=4 -XX:AdaptiveSizePolicyWeight=90 -Dsun.zip.disableMemoryMapping=true -Xmx1G -Xms100m -XX:+HeapDumpOnOutOfMemoryError -XX:HeapDumpPath=c:\Users\Brainium\AppData\Roaming\Code\User\workspaceStorage\aa935be7eaaadbe4656cd6069061b3e0\redhat.java 
java_command: c:\Users\Brainium\.vscode\extensions\redhat.java-1.4.0\server\plugins\org.eclipse.equinox.launcher_1.6.400.v20210924-0641.jar -configuration c:\Users\Brainium\AppData\Roaming\Code\User\globalStorage\redhat.java\1.4.0\config_win -data c:\Users\Brainium\AppData\Roaming\Code\User\workspaceStorage\aa935be7eaaadbe4656cd6069061b3e0\redhat.java\jdt_ws
java_class_path (initial): c:\Users\Brainium\.vscode\extensions\redhat.java-1.4.0\server\plugins\org.eclipse.equinox.launcher_1.6.400.v20210924-0641.jar
Launcher Type: SUN_STANDARD

[Global flags]
    uintx AdaptiveSizePolicyWeight                 = 90                                        {product} {command line}
     intx CICompilerCount                          = 3                                         {product} {ergonomic}
    uintx GCTimeRatio                              = 4                                         {product} {command line}
     bool HeapDumpOnOutOfMemoryError               = true                                   {manageable} {command line}
    ccstr HeapDumpPath                             = c:\Users\Brainium\AppData\Roaming\Code\User\workspaceStorage\aa935be7eaaadbe4656cd6069061b3e0\redhat.java         {manageable} {command line}
   size_t InitialHeapSize                          = 104857600                                 {product} {command line}
   size_t MaxHeapSize                              = 1073741824                                {product} {command line}
   size_t MaxNewSize                               = 357564416                                 {product} {ergonomic}
   size_t MinHeapDeltaBytes                        = 524288                                    {product} {ergonomic}
   size_t MinHeapSize                              = 104857600                                 {product} {command line}
   size_t NewSize                                  = 34603008                                  {product} {ergonomic}
    uintx NonNMethodCodeHeapSize                   = 5832780                                {pd product} {ergonomic}
    uintx NonProfiledCodeHeapSize                  = 122912730                              {pd product} {ergonomic}
   size_t OldSize                                  = 70254592                                  {product} {ergonomic}
    uintx ProfiledCodeHeapSize                     = 122912730                              {pd product} {ergonomic}
    uintx ReservedCodeCacheSize                    = 251658240                              {pd product} {ergonomic}
     bool SegmentedCodeCache                       = true                                      {product} {ergonomic}
   size_t SoftMaxHeapSize                          = 1073741824                             {manageable} {ergonomic}
     bool UseCompressedClassPointers               = true                           {product lp64_product} {ergonomic}
     bool UseCompressedOops                        = true                           {product lp64_product} {ergonomic}
     bool UseLargePagesIndividualAllocation        = false                                  {pd product} {ergonomic}
     bool UseParallelGC                            = true                                      {product} {command line}

Logging:
Log output configuration:
 #0: stdout all=warning uptime,level,tags
 #1: stderr all=off uptime,level,tags

Environment Variables:
JAVA_HOME=C:\Program Files\Java\jdk1.8.0_301
PATH=C:\Python39\Scripts\;C:\Python39\;C:\Windows\system32;C:\Windows;C:\Windows\System32\Wbem;C:\Windows\System32\WindowsPowerShell\v1.0\;C:\Windows\System32\OpenSSH\;C:\ProgramData\chocolatey\bin;C:\Program Files\MySQL\MySQL Server 8.0\bin;C:\Program Files\PuTTY\;C:\Program Files\Java\jdk-15.0.2\bin;C:\Users\Brainium\AppData\Local\Android\Sdk\platform-tools;C:\Program Files\Java\jdk1.8.0_301\bin;C:\Program Files (x86)\Common Files\Oracle\Java\javapath;C:\gradle\gradle-6.3\bin;%ANDROID_HOME%\tools;C:\Program Files\TortoiseSVN\bin;C:\Program Files\Git\cmd;C:\Users\Brainium\AppData\Roaming\nvm;C:\Program Files\nodejs;C:\Program Files\MySQL\MySQL Shell 8.0\bin\;C:\Users\Brainium\AppData\Local\Microsoft\WindowsApps;C:\Users\Brainium\AppData\Roaming\npm;C:\Users\Brainium\AppData\Local\Programs\Microsoft VS Code\bin;C:\Users\Brainium\AppData\Roaming\nvm;C:\Program Files\nodejs;
USERNAME=Brainium
OS=Windows_NT
PROCESSOR_IDENTIFIER=Intel64 Family 6 Model 60 Stepping 3, GenuineIntel



---------------  S Y S T E M  ---------------

OS:
 Windows 10 , 64 bit Build 19041 (10.0.19041.1348)
OS uptime: 0 days 1:54 hours

CPU: total 4 (initial active 4) (4 cores per cpu, 1 threads per core) family 6 model 60 stepping 3 microcode 0x27, cx8, cmov, fxsr, mmx, sse, sse2, sse3, ssse3, sse4.1, sse4.2, popcnt, lzcnt, tsc, tscinvbit, avx, avx2, aes, erms, clmul, bmi1, bmi2, fma, vzeroupper, clflush

Memory: 4k page, system-wide physical 12188M (1845M free)
TotalPageFile size 25868M (AvailPageFile size 6M)
current process WorkingSet (physical memory assigned to process): 182M, peak: 186M
current process commit charge ("private bytes"): 271M, peak: 274M

vm_info: OpenJDK 64-Bit Server VM (17.0.2+8) for windows-amd64 JRE (17.0.2+8), built on Jan 20 2022 04:52:34 by "" with MS VC++ 16.7 (VS2019)

END.
